{"/mnt/Local Disk C/web-projects/zerodha-trade/frontend/src/app/page.tsx": {"path":"/mnt/Local Disk C/web-projects/zerodha-trade/frontend/src/app/page.tsx","statementMap":{"0":{"start":{"line":6,"column":0},"end":{"line":6,"column":24}},"1":{"start":{"line":3,"column":0},"end":{"line":3,"column":88}},"2":{"start":{"line":4,"column":0},"end":{"line":4,"column":60}},"3":{"start":{"line":7,"column":2},"end":{"line":28,"column":4}},"4":{"start":{"line":31,"column":27},"end":{"line":31,"column":29}},"5":{"start":{"line":31,"column":35},"end":{"line":31,"column":72}},"6":{"start":{"line":32,"column":25},"end":{"line":32,"column":41}},"7":{"start":{"line":33,"column":30},"end":{"line":33,"column":45}},"8":{"start":{"line":34,"column":27},"end":{"line":34,"column":43}},"9":{"start":{"line":36,"column":31},"end":{"line":36,"column":34}},"10":{"start":{"line":37,"column":14},"end":{"line":37,"column":16}},"11":{"start":{"line":39,"column":2},"end":{"line":58,"column":3}},"12":{"start":{"line":41,"column":6},"end":{"line":44,"column":7}},"13":{"start":{"line":42,"column":8},"end":{"line":42,"column":42}},"14":{"start":{"line":43,"column":8},"end":{"line":43,"column":74}},"15":{"start":{"line":45,"column":6},"end":{"line":45,"column":12}},"16":{"start":{"line":47,"column":6},"end":{"line":47,"column":56}},"17":{"start":{"line":48,"column":6},"end":{"line":48,"column":12}},"18":{"start":{"line":50,"column":6},"end":{"line":50,"column":84}},"19":{"start":{"line":50,"column":36},"end":{"line":50,"column":59}},"20":{"start":{"line":51,"column":6},"end":{"line":51,"column":12}},"21":{"start":{"line":53,"column":6},"end":{"line":56,"column":7}},"22":{"start":{"line":54,"column":8},"end":{"line":54,"column":59}},"23":{"start":{"line":55,"column":8},"end":{"line":55,"column":78}},"24":{"start":{"line":57,"column":6},"end":{"line":57,"column":12}},"25":{"start":{"line":60,"column":2},"end":{"line":67,"column":4}},"26":{"start":{"line":71,"column":30},"end":{"line":71,"column":44}},"27":{"start":{"line":71,"column":14},"end":{"line":71,"column":16}},"28":{"start":{"line":71,"column":25},"end":{"line":71,"column":30}},"29":{"start":{"line":73,"column":2},"end":{"line":107,"column":4}},"30":{"start":{"line":81,"column":31},"end":{"line":104,"column":10}},"31":{"start":{"line":111,"column":30},"end":{"line":111,"column":41}},"32":{"start":{"line":111,"column":14},"end":{"line":111,"column":16}},"33":{"start":{"line":111,"column":25},"end":{"line":111,"column":30}},"34":{"start":{"line":112,"column":23},"end":{"line":112,"column":55}},"35":{"start":{"line":114,"column":2},"end":{"line":146,"column":4}},"36":{"start":{"line":122,"column":33},"end":{"line":143,"column":10}},"37":{"start":{"line":149,"column":29},"end":{"line":149,"column":51}},"38":{"start":{"line":150,"column":41},"end":{"line":156,"column":4}},"39":{"start":{"line":158,"column":2},"end":{"line":158,"column":74}},"40":{"start":{"line":162,"column":19},"end":{"line":162,"column":35}},"41":{"start":{"line":164,"column":2},"end":{"line":164,"column":25}},"42":{"start":{"line":164,"column":13},"end":{"line":164,"column":25}},"43":{"start":{"line":166,"column":22},"end":{"line":168,"column":7}},"44":{"start":{"line":170,"column":2},"end":{"line":204,"column":4}}},"fnMap":{"0":{"name":"DashboardPage","decl":{"start":{"line":6,"column":24},"end":{"line":6,"column":37}},"loc":{"start":{"line":6,"column":37},"end":{"line":29,"column":1}}},"1":{"name":"MetricCard","decl":{"start":{"line":31,"column":9},"end":{"line":31,"column":19}},"loc":{"start":{"line":31,"column":72},"end":{"line":68,"column":1}}},"2":{"name":"(anonymous_2)","decl":{"start":{"line":50,"column":29},"end":{"line":50,"column":30}},"loc":{"start":{"line":50,"column":31},"end":{"line":50,"column":37}}},"3":{"name":"PositionsPanel","decl":{"start":{"line":70,"column":9},"end":{"line":70,"column":23}},"loc":{"start":{"line":70,"column":23},"end":{"line":108,"column":1}}},"4":{"name":"(anonymous_4)","decl":{"start":{"line":81,"column":24},"end":{"line":81,"column":25}},"loc":{"start":{"line":81,"column":26},"end":{"line":81,"column":null}}},"5":{"name":"OrdersPanel","decl":{"start":{"line":110,"column":9},"end":{"line":110,"column":20}},"loc":{"start":{"line":110,"column":20},"end":{"line":147,"column":1}}},"6":{"name":"(anonymous_6)","decl":{"start":{"line":122,"column":26},"end":{"line":122,"column":27}},"loc":{"start":{"line":122,"column":28},"end":{"line":122,"column":null}}},"7":{"name":"StatusBadge","decl":{"start":{"line":149,"column":9},"end":{"line":149,"column":20}},"loc":{"start":{"line":149,"column":51},"end":{"line":159,"column":1}}},"8":{"name":"RiskPanel","decl":{"start":{"line":161,"column":9},"end":{"line":161,"column":18}},"loc":{"start":{"line":161,"column":18},"end":{"line":205,"column":1}}}},"branchMap":{"0":{"loc":{"start":{"line":39,"column":2},"end":{"line":58,"column":3}},"type":"switch","locations":[{"start":{"line":40,"column":4},"end":{"line":45,"column":12}},{"start":{"line":46,"column":4},"end":{"line":48,"column":12}},{"start":{"line":49,"column":4},"end":{"line":51,"column":12}},{"start":{"line":52,"column":4},"end":{"line":57,"column":12}}]},"1":{"loc":{"start":{"line":41,"column":6},"end":{"line":44,"column":7}},"type":"if","locations":[{"start":{"line":41,"column":6},"end":{"line":44,"column":7}}]},"2":{"loc":{"start":{"line":43,"column":16},"end":{"line":43,"column":73}},"type":"cond-expr","locations":[{"start":{"line":43,"column":38},"end":{"line":43,"column":56}},{"start":{"line":43,"column":59},"end":{"line":43,"column":73}}]},"3":{"loc":{"start":{"line":47,"column":14},"end":{"line":47,"column":55}},"type":"cond-expr","locations":[{"start":{"line":47,"column":48},"end":{"line":47,"column":52}},{"start":{"line":47,"column":52},"end":{"line":47,"column":55}}]},"4":{"loc":{"start":{"line":47,"column":14},"end":{"line":47,"column":52}},"type":"binary-expr","locations":[{"start":{"line":47,"column":14},"end":{"line":47,"column":52}},{"start":{"line":47,"column":48},"end":{"line":47,"column":52}}]},"5":{"loc":{"start":{"line":47,"column":14},"end":{"line":47,"column":48}},"type":"cond-expr","locations":[{"start":{"line":47,"column":36},"end":{"line":47,"column":38}},{"start":{"line":47,"column":36},"end":{"line":47,"column":48}}]},"6":{"loc":{"start":{"line":47,"column":14},"end":{"line":47,"column":38}},"type":"binary-expr","locations":[{"start":{"line":47,"column":14},"end":{"line":47,"column":38}},{"start":{"line":47,"column":36},"end":{"line":47,"column":38}}]},"7":{"loc":{"start":{"line":47,"column":14},"end":{"line":47,"column":36}},"type":"cond-expr","locations":[{"start":{"line":47,"column":28},"end":{"line":47,"column":30}},{"start":{"line":47,"column":28},"end":{"line":47,"column":36}}]},"8":{"loc":{"start":{"line":47,"column":14},"end":{"line":47,"column":30}},"type":"binary-expr","locations":[{"start":{"line":47,"column":14},"end":{"line":47,"column":30}},{"start":{"line":47,"column":28},"end":{"line":47,"column":30}}]},"9":{"loc":{"start":{"line":47,"column":14},"end":{"line":47,"column":28}},"type":"cond-expr","locations":[{"start":{"line":47,"column":23},"end":{"line":47,"column":25}},{"start":{"line":47,"column":14},"end":{"line":47,"column":28}}]},"10":{"loc":{"start":{"line":47,"column":14},"end":{"line":47,"column":25}},"type":"binary-expr","locations":[{"start":{"line":47,"column":14},"end":{"line":47,"column":25}},{"start":{"line":47,"column":14},"end":{"line":47,"column":25}}]},"11":{"loc":{"start":{"line":50,"column":14},"end":{"line":50,"column":83}},"type":"cond-expr","locations":[{"start":{"line":50,"column":76},"end":{"line":50,"column":80}},{"start":{"line":50,"column":80},"end":{"line":50,"column":83}}]},"12":{"loc":{"start":{"line":50,"column":14},"end":{"line":50,"column":80}},"type":"binary-expr","locations":[{"start":{"line":50,"column":14},"end":{"line":50,"column":80}},{"start":{"line":50,"column":76},"end":{"line":50,"column":80}}]},"13":{"loc":{"start":{"line":50,"column":14},"end":{"line":50,"column":76}},"type":"cond-expr","locations":[{"start":{"line":50,"column":20},"end":{"line":50,"column":22}},{"start":{"line":50,"column":14},"end":{"line":50,"column":76}}]},"14":{"loc":{"start":{"line":50,"column":14},"end":{"line":50,"column":22}},"type":"binary-expr","locations":[{"start":{"line":50,"column":14},"end":{"line":50,"column":22}},{"start":{"line":50,"column":14},"end":{"line":50,"column":22}}]},"15":{"loc":{"start":{"line":53,"column":6},"end":{"line":56,"column":7}},"type":"if","locations":[{"start":{"line":53,"column":6},"end":{"line":56,"column":7}}]},"16":{"loc":{"start":{"line":54,"column":16},"end":{"line":54,"column":58}},"type":"cond-expr","locations":[{"start":{"line":54,"column":42},"end":{"line":54,"column":50}},{"start":{"line":54,"column":53},"end":{"line":54,"column":58}}]},"17":{"loc":{"start":{"line":55,"column":16},"end":{"line":55,"column":77}},"type":"cond-expr","locations":[{"start":{"line":55,"column":42},"end":{"line":55,"column":56}},{"start":{"line":55,"column":59},"end":{"line":55,"column":77}}]},"18":{"loc":{"start":{"line":76,"column":7},"end":{"line":76,"column":77}},"type":"binary-expr","locations":[{"start":{"line":76,"column":7},"end":{"line":76,"column":16}},{"start":{"line":76,"column":20},"end":{"line":76,"column":77}}]},"19":{"loc":{"start":{"line":77,"column":7},"end":{"line":78,"column":null}},"type":"binary-expr","locations":[{"start":{"line":77,"column":7},"end":{"line":77,"column":16}},{"start":{"line":77,"column":20},"end":{"line":77,"column":41}},{"start":{"line":78,"column":8},"end":{"line":78,"column":72}}]},"20":{"loc":{"start":{"line":77,"column":7},"end":{"line":77,"column":16}},"type":"cond-expr","locations":[{"start":{"line":77,"column":11},"end":{"line":77,"column":13}},{"start":{"line":77,"column":7},"end":{"line":77,"column":16}}]},"21":{"loc":{"start":{"line":77,"column":7},"end":{"line":77,"column":13}},"type":"binary-expr","locations":[{"start":{"line":77,"column":7},"end":{"line":77,"column":13}},{"start":{"line":77,"column":7},"end":{"line":77,"column":13}}]},"22":{"loc":{"start":{"line":81,"column":9},"end":{"line":104,"column":10}},"type":"cond-expr","locations":[{"start":{"line":81,"column":18},"end":{"line":81,"column":20}},{"start":{"line":81,"column":18},"end":{"line":104,"column":10}}]},"23":{"loc":{"start":{"line":81,"column":9},"end":{"line":81,"column":20}},"type":"binary-expr","locations":[{"start":{"line":81,"column":9},"end":{"line":81,"column":20}},{"start":{"line":81,"column":18},"end":{"line":81,"column":20}}]},"24":{"loc":{"start":{"line":81,"column":9},"end":{"line":81,"column":18}},"type":"cond-expr","locations":[{"start":{"line":81,"column":13},"end":{"line":81,"column":15}},{"start":{"line":81,"column":9},"end":{"line":81,"column":18}}]},"25":{"loc":{"start":{"line":81,"column":9},"end":{"line":81,"column":15}},"type":"binary-expr","locations":[{"start":{"line":81,"column":9},"end":{"line":81,"column":15}},{"start":{"line":81,"column":9},"end":{"line":81,"column":15}}]},"26":{"loc":{"start":{"line":97,"column":18},"end":{"line":97,"column":62}},"type":"cond-expr","locations":[{"start":{"line":97,"column":31},"end":{"line":97,"column":45}},{"start":{"line":97,"column":48},"end":{"line":97,"column":62}}]},"27":{"loc":{"start":{"line":112,"column":23},"end":{"line":112,"column":55}},"type":"cond-expr","locations":[{"start":{"line":112,"column":49},"end":{"line":112,"column":53}},{"start":{"line":112,"column":53},"end":{"line":112,"column":55}}]},"28":{"loc":{"start":{"line":112,"column":23},"end":{"line":112,"column":53}},"type":"binary-expr","locations":[{"start":{"line":112,"column":23},"end":{"line":112,"column":53}},{"start":{"line":112,"column":49},"end":{"line":112,"column":53}}]},"29":{"loc":{"start":{"line":112,"column":23},"end":{"line":112,"column":49}},"type":"cond-expr","locations":[{"start":{"line":112,"column":27},"end":{"line":112,"column":29}},{"start":{"line":112,"column":23},"end":{"line":112,"column":49}}]},"30":{"loc":{"start":{"line":112,"column":23},"end":{"line":112,"column":29}},"type":"binary-expr","locations":[{"start":{"line":112,"column":23},"end":{"line":112,"column":29}},{"start":{"line":112,"column":23},"end":{"line":112,"column":29}}]},"31":{"loc":{"start":{"line":117,"column":7},"end":{"line":117,"column":77}},"type":"binary-expr","locations":[{"start":{"line":117,"column":7},"end":{"line":117,"column":16}},{"start":{"line":117,"column":20},"end":{"line":117,"column":77}}]},"32":{"loc":{"start":{"line":118,"column":7},"end":{"line":119,"column":null}},"type":"binary-expr","locations":[{"start":{"line":118,"column":7},"end":{"line":118,"column":32}},{"start":{"line":118,"column":36},"end":{"line":118,"column":46}},{"start":{"line":119,"column":8},"end":{"line":119,"column":68}}]},"33":{"loc":{"start":{"line":131,"column":18},"end":{"line":133,"column":50}},"type":"cond-expr","locations":[{"start":{"line":132,"column":22},"end":{"line":132,"column":58}},{"start":{"line":133,"column":22},"end":{"line":133,"column":50}}]},"34":{"loc":{"start":{"line":158,"column":26},"end":{"line":158,"column":56}},"type":"binary-expr","locations":[{"start":{"line":158,"column":26},"end":{"line":158,"column":40}},{"start":{"line":158,"column":44},"end":{"line":158,"column":56}}]},"35":{"loc":{"start":{"line":164,"column":2},"end":{"line":164,"column":25}},"type":"if","locations":[{"start":{"line":164,"column":2},"end":{"line":164,"column":25}}]},"36":{"loc":{"start":{"line":166,"column":22},"end":{"line":168,"column":7}},"type":"cond-expr","locations":[{"start":{"line":167,"column":6},"end":{"line":167,"column":53}},{"start":{"line":168,"column":6},"end":{"line":168,"column":7}}]},"37":{"loc":{"start":{"line":180,"column":16},"end":{"line":180,"column":102}},"type":"cond-expr","locations":[{"start":{"line":180,"column":35},"end":{"line":180,"column":47}},{"start":{"line":180,"column":50},"end":{"line":180,"column":102}}]},"38":{"loc":{"start":{"line":180,"column":50},"end":{"line":180,"column":102}},"type":"cond-expr","locations":[{"start":{"line":180,"column":69},"end":{"line":180,"column":83}},{"start":{"line":180,"column":86},"end":{"line":180,"column":102}}]},"39":{"loc":{"start":{"line":198,"column":53},"end":{"line":198,"column":114}},"type":"cond-expr","locations":[{"start":{"line":198,"column":79},"end":{"line":198,"column":93}},{"start":{"line":198,"column":96},"end":{"line":198,"column":114}}]},"40":{"loc":{"start":{"line":199,"column":13},"end":{"line":199,"column":59}},"type":"cond-expr","locations":[{"start":{"line":199,"column":39},"end":{"line":199,"column":49}},{"start":{"line":199,"column":52},"end":{"line":199,"column":59}}]}},"s":{"0":0,"1":0,"2":0,"3":0,"4":0,"5":0,"6":0,"7":0,"8":0,"9":0,"10":0,"11":0,"12":0,"13":0,"14":0,"15":0,"16":0,"17":0,"18":0,"19":0,"20":0,"21":0,"22":0,"23":0,"24":0,"25":0,"26":0,"27":0,"28":0,"29":0,"30":0,"31":0,"32":0,"33":0,"34":0,"35":0,"36":0,"37":0,"38":0,"39":0,"40":0,"41":0,"42":0,"43":0,"44":0},"f":{"0":0,"1":0,"2":0,"3":0,"4":0,"5":0,"6":0,"7":0,"8":0},"b":{"0":[0,0,0,0],"1":[0],"2":[0,0],"3":[0,0],"4":[0,0],"5":[0,0],"6":[0,0],"7":[0,0],"8":[0,0],"9":[0,0],"10":[0,0],"11":[0,0],"12":[0,0],"13":[0,0],"14":[0,0],"15":[0],"16":[0,0],"17":[0,0],"18":[0,0],"19":[0,0,0],"20":[0,0],"21":[0,0],"22":[0,0],"23":[0,0],"24":[0,0],"25":[0,0],"26":[0,0],"27":[0,0],"28":[0,0],"29":[0,0],"30":[0,0],"31":[0,0],"32":[0,0,0],"33":[0,0],"34":[0,0],"35":[0],"36":[0,0],"37":[0,0],"38":[0,0],"39":[0,0],"40":[0,0]}}
,"/mnt/Local Disk C/web-projects/zerodha-trade/frontend/src/app/mock/page.tsx": {"path":"/mnt/Local Disk C/web-projects/zerodha-trade/frontend/src/app/mock/page.tsx","statementMap":{"0":{"start":{"line":8,"column":0},"end":{"line":8,"column":24}},"1":{"start":{"line":3,"column":0},"end":{"line":3,"column":33}},"2":{"start":{"line":4,"column":0},"end":{"line":4,"column":48}},"3":{"start":{"line":5,"column":0},"end":{"line":5,"column":44}},"4":{"start":{"line":6,"column":0},"end":{"line":6,"column":60}},"5":{"start":{"line":9,"column":35},"end":{"line":9,"column":50}},"6":{"start":{"line":9,"column":22},"end":{"line":9,"column":24}},"7":{"start":{"line":9,"column":30},"end":{"line":9,"column":35}},"8":{"start":{"line":10,"column":34},"end":{"line":10,"column":49}},"9":{"start":{"line":10,"column":17},"end":{"line":10,"column":19}},"10":{"start":{"line":10,"column":30},"end":{"line":10,"column":34}},"11":{"start":{"line":12,"column":2},"end":{"line":46,"column":4}},"12":{"start":{"line":21,"column":55},"end":{"line":21,"column":null}},"13":{"start":{"line":26,"column":54},"end":{"line":26,"column":73}},"14":{"start":{"line":26,"column":74},"end":{"line":26,"column":83}},"15":{"start":{"line":49,"column":0},"end":{"line":49,"column":9}},"16":{"start":{"line":49,"column":35},"end":{"line":49,"column":61}},"17":{"start":{"line":50,"column":32},"end":{"line":50,"column":49}},"18":{"start":{"line":50,"column":16},"end":{"line":50,"column":18}},"19":{"start":{"line":50,"column":28},"end":{"line":50,"column":32}},"20":{"start":{"line":51,"column":36},"end":{"line":51,"column":48}},"21":{"start":{"line":51,"column":18},"end":{"line":51,"column":20}},"22":{"start":{"line":51,"column":32},"end":{"line":51,"column":36}},"23":{"start":{"line":52,"column":32},"end":{"line":52,"column":44}},"24":{"start":{"line":52,"column":16},"end":{"line":52,"column":18}},"25":{"start":{"line":52,"column":28},"end":{"line":52,"column":32}},"26":{"start":{"line":54,"column":23},"end":{"line":58,"column":4}},"27":{"start":{"line":54,"column":48},"end":{"line":58,"column":4}},"28":{"start":{"line":55,"column":4},"end":{"line":55,"column":23}},"29":{"start":{"line":56,"column":4},"end":{"line":56,"column":87}},"30":{"start":{"line":57,"column":4},"end":{"line":57,"column":13}},"31":{"start":{"line":60,"column":2},"end":{"line":94,"column":4}},"32":{"start":{"line":68,"column":27},"end":{"line":68,"column":null}},"33":{"start":{"line":77,"column":27},"end":{"line":77,"column":null}},"34":{"start":{"line":86,"column":27},"end":{"line":86,"column":null}},"35":{"start":{"line":97,"column":33},"end":{"line":97,"column":84}},"36":{"start":{"line":98,"column":2},"end":{"line":127,"column":4}},"37":{"start":{"line":130,"column":0},"end":{"line":130,"column":9}},"38":{"start":{"line":131,"column":8},"end":{"line":131,"column":null}},"39":{"start":{"line":132,"column":10},"end":{"line":132,"column":null}},"40":{"start":{"line":137,"column":36},"end":{"line":137,"column":48}},"41":{"start":{"line":137,"column":18},"end":{"line":137,"column":20}},"42":{"start":{"line":137,"column":32},"end":{"line":137,"column":36}},"43":{"start":{"line":139,"column":2},"end":{"line":228,"column":4}},"44":{"start":{"line":157,"column":19},"end":{"line":157,"column":null}},"45":{"start":{"line":157,"column":33},"end":{"line":157,"column":60}},"46":{"start":{"line":157,"column":61},"end":{"line":157,"column":72}},"47":{"start":{"line":163,"column":19},"end":{"line":163,"column":null}},"48":{"start":{"line":163,"column":33},"end":{"line":163,"column":61}},"49":{"start":{"line":163,"column":62},"end":{"line":163,"column":73}},"50":{"start":{"line":169,"column":19},"end":{"line":169,"column":null}},"51":{"start":{"line":169,"column":33},"end":{"line":169,"column":57}},"52":{"start":{"line":169,"column":58},"end":{"line":169,"column":69}},"53":{"start":{"line":179,"column":21},"end":{"line":179,"column":null}},"54":{"start":{"line":179,"column":35},"end":{"line":179,"column":58}},"55":{"start":{"line":179,"column":59},"end":{"line":179,"column":70}},"56":{"start":{"line":186,"column":21},"end":{"line":186,"column":null}},"57":{"start":{"line":186,"column":35},"end":{"line":186,"column":57}},"58":{"start":{"line":186,"column":58},"end":{"line":186,"column":69}},"59":{"start":{"line":192,"column":44},"end":{"line":200,"column":10}},"60":{"start":{"line":196,"column":21},"end":{"line":196,"column":null}},"61":{"start":{"line":196,"column":35},"end":{"line":196,"column":65}},"62":{"start":{"line":196,"column":66},"end":{"line":196,"column":77}},"63":{"start":{"line":208,"column":27},"end":{"line":208,"column":null}},"64":{"start":{"line":213,"column":19},"end":{"line":213,"column":null}},"65":{"start":{"line":213,"column":33},"end":{"line":213,"column":66}},"66":{"start":{"line":213,"column":67},"end":{"line":213,"column":78}},"67":{"start":{"line":222,"column":19},"end":{"line":222,"column":null}},"68":{"start":{"line":222,"column":33},"end":{"line":222,"column":55}},"69":{"start":{"line":222,"column":56},"end":{"line":222,"column":67}},"70":{"start":{"line":232,"column":27},"end":{"line":232,"column":43}},"71":{"start":{"line":234,"column":2},"end":{"line":254,"column":4}}},"fnMap":{"0":{"name":"MockPage","decl":{"start":{"line":8,"column":24},"end":{"line":8,"column":32}},"loc":{"start":{"line":8,"column":32},"end":{"line":47,"column":1}}},"1":{"name":"(anonymous_14)","decl":{"start":{"line":21,"column":49},"end":{"line":21,"column":55}},"loc":{"start":{"line":21,"column":49},"end":{"line":21,"column":66}}},"2":{"name":"(anonymous_15)","decl":{"start":{"line":26,"column":46},"end":{"line":26,"column":54}},"loc":{"start":{"line":26,"column":46},"end":{"line":26,"column":85}}},"3":{"name":"CreateSessionForm","decl":{"start":{"line":49,"column":9},"end":{"line":49,"column":26}},"loc":{"start":{"line":49,"column":61},"end":{"line":95,"column":1}}},"4":{"name":"(anonymous_17)","decl":{"start":{"line":54,"column":23},"end":{"line":54,"column":30}},"loc":{"start":{"line":54,"column":48},"end":{"line":58,"column":4}}},"5":{"name":"(anonymous_18)","decl":{"start":{"line":54,"column":48},"end":{"line":54,"column":null}},"loc":{"start":{"line":54,"column":48},"end":{"line":58,"column":4}}},"6":{"name":"(anonymous_20)","decl":{"start":{"line":68,"column":20},"end":{"line":68,"column":21}},"loc":{"start":{"line":68,"column":22},"end":{"line":68,"column":37}}},"7":{"name":"(anonymous_21)","decl":{"start":{"line":77,"column":20},"end":{"line":77,"column":21}},"loc":{"start":{"line":77,"column":22},"end":{"line":77,"column":39}}},"8":{"name":"(anonymous_22)","decl":{"start":{"line":86,"column":20},"end":{"line":86,"column":21}},"loc":{"start":{"line":86,"column":22},"end":{"line":86,"column":37}}},"9":{"name":"SessionOverview","decl":{"start":{"line":97,"column":9},"end":{"line":97,"column":24}},"loc":{"start":{"line":97,"column":84},"end":{"line":128,"column":1}}},"10":{"name":"TimeControls","decl":{"start":{"line":130,"column":9},"end":{"line":130,"column":21}},"loc":{"start":{"line":136,"column":1},"end":{"line":229,"column":1}}},"11":{"name":"(anonymous_25)","decl":{"start":{"line":157,"column":19},"end":{"line":157,"column":33}},"loc":{"start":{"line":157,"column":19},"end":{"line":157,"column":null}}},"12":{"name":"(anonymous_28)","decl":{"start":{"line":163,"column":19},"end":{"line":163,"column":33}},"loc":{"start":{"line":163,"column":19},"end":{"line":163,"column":null}}},"13":{"name":"(anonymous_31)","decl":{"start":{"line":169,"column":19},"end":{"line":169,"column":33}},"loc":{"start":{"line":169,"column":19},"end":{"line":169,"column":null}}},"14":{"name":"(anonymous_34)","decl":{"start":{"line":179,"column":21},"end":{"line":179,"column":35}},"loc":{"start":{"line":179,"column":21},"end":{"line":179,"column":null}}},"15":{"name":"(anonymous_37)","decl":{"start":{"line":186,"column":21},"end":{"line":186,"column":35}},"loc":{"start":{"line":186,"column":21},"end":{"line":186,"column":null}}},"16":{"name":"(anonymous_40)","decl":{"start":{"line":192,"column":33},"end":{"line":192,"column":34}},"loc":{"start":{"line":192,"column":39},"end":{"line":192,"column":null}}},"17":{"name":"(anonymous_41)","decl":{"start":{"line":196,"column":21},"end":{"line":196,"column":35}},"loc":{"start":{"line":196,"column":21},"end":{"line":196,"column":null}}},"18":{"name":"(anonymous_44)","decl":{"start":{"line":208,"column":20},"end":{"line":208,"column":21}},"loc":{"start":{"line":208,"column":22},"end":{"line":208,"column":39}}},"19":{"name":"(anonymous_45)","decl":{"start":{"line":213,"column":19},"end":{"line":213,"column":33}},"loc":{"start":{"line":213,"column":19},"end":{"line":213,"column":null}}},"20":{"name":"(anonymous_48)","decl":{"start":{"line":222,"column":19},"end":{"line":222,"column":33}},"loc":{"start":{"line":222,"column":19},"end":{"line":222,"column":null}}},"21":{"name":"MockPositions","decl":{"start":{"line":231,"column":9},"end":{"line":231,"column":22}},"loc":{"start":{"line":231,"column":22},"end":{"line":255,"column":1}}}},"branchMap":{"0":{"loc":{"start":{"line":26,"column":7},"end":{"line":26,"column":89}},"type":"binary-expr","locations":[{"start":{"line":26,"column":7},"end":{"line":26,"column":15}},{"start":{"line":26,"column":19},"end":{"line":26,"column":89}}]},"1":{"loc":{"start":{"line":28,"column":7},"end":{"line":33,"column":null}},"type":"binary-expr","locations":[{"start":{"line":28,"column":7},"end":{"line":28,"column":13}},{"start":{"line":29,"column":8},"end":{"line":32,"column":null}}]},"2":{"loc":{"start":{"line":36,"column":7},"end":{"line":43,"column":null}},"type":"binary-expr","locations":[{"start":{"line":36,"column":7},"end":{"line":36,"column":14}},{"start":{"line":36,"column":18},"end":{"line":36,"column":27}},{"start":{"line":37,"column":8},"end":{"line":42,"column":null}}]},"3":{"loc":{"start":{"line":56,"column":41},"end":{"line":56,"column":63}},"type":"binary-expr","locations":[{"start":{"line":56,"column":41},"end":{"line":56,"column":50}},{"start":{"line":56,"column":54},"end":{"line":56,"column":63}}]},"4":{"loc":{"start":{"line":56,"column":65},"end":{"line":56,"column":85}},"type":"binary-expr","locations":[{"start":{"line":56,"column":65},"end":{"line":56,"column":72}},{"start":{"line":56,"column":76},"end":{"line":56,"column":85}}]},"5":{"loc":{"start":{"line":106,"column":61},"end":{"line":106,"column":116}},"type":"cond-expr","locations":[{"start":{"line":106,"column":85},"end":{"line":106,"column":99}},{"start":{"line":106,"column":102},"end":{"line":106,"column":116}}]},"6":{"loc":{"start":{"line":118,"column":51},"end":{"line":118,"column":117}},"type":"cond-expr","locations":[{"start":{"line":118,"column":75},"end":{"line":118,"column":93}},{"start":{"line":118,"column":96},"end":{"line":118,"column":117}}]},"7":{"loc":{"start":{"line":119,"column":11},"end":{"line":119,"column":52}},"type":"cond-expr","locations":[{"start":{"line":119,"column":35},"end":{"line":119,"column":41}},{"start":{"line":119,"column":44},"end":{"line":119,"column":52}}]},"8":{"loc":{"start":{"line":157,"column":33},"end":{"line":157,"column":60}},"type":"switch","locations":[{"start":{"line":157,"column":33},"end":{"line":157,"column":60}}]},"9":{"loc":{"start":{"line":163,"column":33},"end":{"line":163,"column":61}},"type":"switch","locations":[{"start":{"line":163,"column":33},"end":{"line":163,"column":61}}]},"10":{"loc":{"start":{"line":169,"column":33},"end":{"line":169,"column":57}},"type":"switch","locations":[{"start":{"line":169,"column":33},"end":{"line":169,"column":57}}]},"11":{"loc":{"start":{"line":176,"column":9},"end":{"line":189,"column":null}},"type":"cond-expr","locations":[{"start":{"line":177,"column":10},"end":{"line":179,"column":null}},{"start":{"line":184,"column":10},"end":{"line":186,"column":null}}]},"12":{"loc":{"start":{"line":179,"column":35},"end":{"line":179,"column":58}},"type":"switch","locations":[{"start":{"line":179,"column":35},"end":{"line":179,"column":58}}]},"13":{"loc":{"start":{"line":186,"column":35},"end":{"line":186,"column":57}},"type":"switch","locations":[{"start":{"line":186,"column":35},"end":{"line":186,"column":57}}]},"14":{"loc":{"start":{"line":195,"column":49},"end":{"line":195,"column":106}},"type":"binary-expr","locations":[{"start":{"line":195,"column":49},"end":{"line":195,"column":71}},{"start":{"line":195,"column":75},"end":{"line":195,"column":106}}]},"15":{"loc":{"start":{"line":196,"column":35},"end":{"line":196,"column":65}},"type":"switch","locations":[{"start":{"line":196,"column":35},"end":{"line":196,"column":65}}]},"16":{"loc":{"start":{"line":213,"column":33},"end":{"line":213,"column":66}},"type":"switch","locations":[{"start":{"line":213,"column":33},"end":{"line":213,"column":66}}]},"17":{"loc":{"start":{"line":222,"column":33},"end":{"line":222,"column":55}},"type":"switch","locations":[{"start":{"line":222,"column":33},"end":{"line":222,"column":55}}]},"18":{"loc":{"start":{"line":240,"column":54},"end":{"line":240,"column":78}},"type":"cond-expr","locations":[{"start":{"line":240,"column":73},"end":{"line":240,"column":77}},{"start":{"line":240,"column":77},"end":{"line":240,"column":78}}]},"19":{"loc":{"start":{"line":240,"column":54},"end":{"line":240,"column":77}},"type":"binary-expr","locations":[{"start":{"line":240,"column":54},"end":{"line":240,"column":77}},{"start":{"line":240,"column":73},"end":{"line":240,"column":77}}]},"20":{"loc":{"start":{"line":240,"column":54},"end":{"line":240,"column":73}},"type":"cond-expr","locations":[{"start":{"line":240,"column":60},"end":{"line":240,"column":62}},{"start":{"line":240,"column":54},"end":{"line":240,"column":73}}]},"21":{"loc":{"start":{"line":240,"column":54},"end":{"line":240,"column":62}},"type":"binary-expr","locations":[{"start":{"line":240,"column":54},"end":{"line":240,"column":62}},{"start":{"line":240,"column":54},"end":{"line":240,"column":62}}]},"22":{"loc":{"start":{"line":244,"column":54},"end":{"line":244,"column":76}},"type":"cond-expr","locations":[{"start":{"line":244,"column":71},"end":{"line":244,"column":75}},{"start":{"line":244,"column":75},"end":{"line":244,"column":76}}]},"23":{"loc":{"start":{"line":244,"column":54},"end":{"line":244,"column":75}},"type":"binary-expr","locations":[{"start":{"line":244,"column":54},"end":{"line":244,"column":75}},{"start":{"line":244,"column":71},"end":{"line":244,"column":75}}]},"24":{"loc":{"start":{"line":244,"column":54},"end":{"line":244,"column":71}},"type":"cond-expr","locations":[{"start":{"line":244,"column":60},"end":{"line":244,"column":62}},{"start":{"line":244,"column":54},"end":{"line":244,"column":71}}]},"25":{"loc":{"start":{"line":244,"column":54},"end":{"line":244,"column":62}},"type":"binary-expr","locations":[{"start":{"line":244,"column":54},"end":{"line":244,"column":62}},{"start":{"line":244,"column":54},"end":{"line":244,"column":62}}]},"26":{"loc":{"start":{"line":248,"column":58},"end":{"line":248,"column":121}},"type":"cond-expr","locations":[{"start":{"line":248,"column":90},"end":{"line":248,"column":104}},{"start":{"line":248,"column":107},"end":{"line":248,"column":121}}]},"27":{"loc":{"start":{"line":248,"column":59},"end":{"line":248,"column":81}},"type":"cond-expr","locations":[{"start":{"line":248,"column":76},"end":{"line":248,"column":80}},{"start":{"line":248,"column":80},"end":{"line":248,"column":81}}]},"28":{"loc":{"start":{"line":248,"column":59},"end":{"line":248,"column":80}},"type":"binary-expr","locations":[{"start":{"line":248,"column":59},"end":{"line":248,"column":80}},{"start":{"line":248,"column":76},"end":{"line":248,"column":80}}]},"29":{"loc":{"start":{"line":248,"column":59},"end":{"line":248,"column":76}},"type":"cond-expr","locations":[{"start":{"line":248,"column":65},"end":{"line":248,"column":67}},{"start":{"line":248,"column":59},"end":{"line":248,"column":76}}]},"30":{"loc":{"start":{"line":248,"column":59},"end":{"line":248,"column":67}},"type":"binary-expr","locations":[{"start":{"line":248,"column":59},"end":{"line":248,"column":67}},{"start":{"line":248,"column":59},"end":{"line":248,"column":67}}]},"31":{"loc":{"start":{"line":249,"column":23},"end":{"line":249,"column":45}},"type":"cond-expr","locations":[{"start":{"line":249,"column":40},"end":{"line":249,"column":44}},{"start":{"line":249,"column":44},"end":{"line":249,"column":45}}]},"32":{"loc":{"start":{"line":249,"column":23},"end":{"line":249,"column":44}},"type":"binary-expr","locations":[{"start":{"line":249,"column":23},"end":{"line":249,"column":44}},{"start":{"line":249,"column":40},"end":{"line":249,"column":44}}]},"33":{"loc":{"start":{"line":249,"column":23},"end":{"line":249,"column":40}},"type":"cond-expr","locations":[{"start":{"line":249,"column":29},"end":{"line":249,"column":31}},{"start":{"line":249,"column":23},"end":{"line":249,"column":40}}]},"34":{"loc":{"start":{"line":249,"column":23},"end":{"line":249,"column":31}},"type":"binary-expr","locations":[{"start":{"line":249,"column":23},"end":{"line":249,"column":31}},{"start":{"line":249,"column":23},"end":{"line":249,"column":31}}]}},"s":{"0":0,"1":0,"2":0,"3":0,"4":0,"5":0,"6":0,"7":0,"8":0,"9":0,"10":0,"11":0,"12":0,"13":0,"14":0,"15":0,"16":0,"17":0,"18":0,"19":0,"20":0,"21":0,"22":0,"23":0,"24":0,"25":0,"26":0,"27":0,"28":0,"29":0,"30":0,"31":0,"32":0,"33":0,"34":0,"35":0,"36":0,"37":0,"38":0,"39":0,"40":0,"41":0,"42":0,"43":0,"44":0,"45":0,"46":0,"47":0,"48":0,"49":0,"50":0,"51":0,"52":0,"53":0,"54":0,"55":0,"56":0,"57":0,"58":0,"59":0,"60":0,"61":0,"62":0,"63":0,"64":0,"65":0,"66":0,"67":0,"68":0,"69":0,"70":0,"71":0},"f":{"0":0,"1":0,"2":0,"3":0,"4":0,"5":0,"6":0,"7":0,"8":0,"9":0,"10":0,"11":0,"12":0,"13":0,"14":0,"15":0,"16":0,"17":0,"18":0,"19":0,"20":0,"21":0},"b":{"0":[0,0],"1":[0,0],"2":[0,0,0],"3":[0,0],"4":[0,0],"5":[0,0],"6":[0,0],"7":[0,0],"8":[0],"9":[0],"10":[0],"11":[0,0],"12":[0],"13":[0],"14":[0,0],"15":[0],"16":[0],"17":[0],"18":[0,0],"19":[0,0],"20":[0,0],"21":[0,0],"22":[0,0],"23":[0,0],"24":[0,0],"25":[0,0],"26":[0,0],"27":[0,0],"28":[0,0],"29":[0,0],"30":[0,0],"31":[0,0],"32":[0,0],"33":[0,0],"34":[0,0]}}
,"/mnt/Local Disk C/web-projects/zerodha-trade/frontend/src/app/orders/page.tsx": {"path":"/mnt/Local Disk C/web-projects/zerodha-trade/frontend/src/app/orders/page.tsx","statementMap":{"0":{"start":{"line":8,"column":0},"end":{"line":8,"column":24}},"1":{"start":{"line":3,"column":0},"end":{"line":3,"column":33}},"2":{"start":{"line":4,"column":0},"end":{"line":4,"column":44}},"3":{"start":{"line":5,"column":0},"end":{"line":5,"column":48}},"4":{"start":{"line":6,"column":0},"end":{"line":6,"column":33}},"5":{"start":{"line":9,"column":49},"end":{"line":9,"column":60}},"6":{"start":{"line":9,"column":25},"end":{"line":9,"column":27}},"7":{"start":{"line":9,"column":36},"end":{"line":9,"column":38}},"8":{"start":{"line":9,"column":44},"end":{"line":9,"column":49}},"9":{"start":{"line":10,"column":32},"end":{"line":10,"column":47}},"10":{"start":{"line":10,"column":16},"end":{"line":10,"column":18}},"11":{"start":{"line":10,"column":28},"end":{"line":10,"column":32}},"12":{"start":{"line":12,"column":2},"end":{"line":90,"column":4}},"13":{"start":{"line":19,"column":55},"end":{"line":19,"column":null}},"14":{"start":{"line":24,"column":50},"end":{"line":24,"column":68}},"15":{"start":{"line":24,"column":69},"end":{"line":24,"column":78}},"16":{"start":{"line":47,"column":35},"end":{"line":85,"column":14}},"17":{"start":{"line":75,"column":31},"end":{"line":78,"column":null}},"18":{"start":{"line":76,"column":24},"end":{"line":76,"column":70}},"19":{"start":{"line":77,"column":24},"end":{"line":77,"column":33}},"20":{"start":{"line":93,"column":0},"end":{"line":93,"column":9}},"21":{"start":{"line":93,"column":32},"end":{"line":93,"column":58}},"22":{"start":{"line":94,"column":26},"end":{"line":102,"column":4}},"23":{"start":{"line":94,"column":13},"end":{"line":94,"column":15}},"24":{"start":{"line":94,"column":22},"end":{"line":94,"column":26}},"25":{"start":{"line":104,"column":23},"end":{"line":108,"column":4}},"26":{"start":{"line":104,"column":48},"end":{"line":108,"column":4}},"27":{"start":{"line":105,"column":4},"end":{"line":105,"column":23}},"28":{"start":{"line":106,"column":4},"end":{"line":106,"column":32}},"29":{"start":{"line":107,"column":4},"end":{"line":107,"column":13}},"30":{"start":{"line":110,"column":2},"end":{"line":173,"column":4}},"31":{"start":{"line":117,"column":27},"end":{"line":117,"column":null}},"32":{"start":{"line":127,"column":27},"end":{"line":127,"column":null}},"33":{"start":{"line":140,"column":27},"end":{"line":140,"column":null}},"34":{"start":{"line":148,"column":27},"end":{"line":148,"column":null}},"35":{"start":{"line":164,"column":29},"end":{"line":164,"column":null}},"36":{"start":{"line":176,"column":29},"end":{"line":176,"column":51}},"37":{"start":{"line":177,"column":41},"end":{"line":183,"column":4}},"38":{"start":{"line":184,"column":2},"end":{"line":184,"column":74}}},"fnMap":{"0":{"name":"OrdersPage","decl":{"start":{"line":8,"column":24},"end":{"line":8,"column":34}},"loc":{"start":{"line":8,"column":34},"end":{"line":91,"column":1}}},"1":{"name":"(anonymous_16)","decl":{"start":{"line":19,"column":49},"end":{"line":19,"column":55}},"loc":{"start":{"line":19,"column":49},"end":{"line":19,"column":65}}},"2":{"name":"(anonymous_17)","decl":{"start":{"line":24,"column":42},"end":{"line":24,"column":50}},"loc":{"start":{"line":24,"column":42},"end":{"line":24,"column":80}}},"3":{"name":"(anonymous_18)","decl":{"start":{"line":47,"column":28},"end":{"line":47,"column":29}},"loc":{"start":{"line":47,"column":30},"end":{"line":85,"column":14}}},"4":{"name":"(anonymous_19)","decl":{"start":{"line":75,"column":31},"end":{"line":75,"column":null}},"loc":{"start":{"line":75,"column":31},"end":{"line":78,"column":null}}},"5":{"name":"PlaceOrderForm","decl":{"start":{"line":93,"column":9},"end":{"line":93,"column":23}},"loc":{"start":{"line":93,"column":58},"end":{"line":174,"column":1}}},"6":{"name":"(anonymous_23)","decl":{"start":{"line":104,"column":23},"end":{"line":104,"column":30}},"loc":{"start":{"line":104,"column":48},"end":{"line":108,"column":4}}},"7":{"name":"(anonymous_24)","decl":{"start":{"line":104,"column":48},"end":{"line":104,"column":null}},"loc":{"start":{"line":104,"column":48},"end":{"line":108,"column":4}}},"8":{"name":"(anonymous_26)","decl":{"start":{"line":117,"column":20},"end":{"line":117,"column":21}},"loc":{"start":{"line":117,"column":22},"end":{"line":117,"column":34}}},"9":{"name":"(anonymous_27)","decl":{"start":{"line":127,"column":20},"end":{"line":127,"column":21}},"loc":{"start":{"line":127,"column":22},"end":{"line":127,"column":34}}},"10":{"name":"(anonymous_28)","decl":{"start":{"line":140,"column":20},"end":{"line":140,"column":21}},"loc":{"start":{"line":140,"column":22},"end":{"line":140,"column":34}}},"11":{"name":"(anonymous_29)","decl":{"start":{"line":148,"column":20},"end":{"line":148,"column":21}},"loc":{"start":{"line":148,"column":22},"end":{"line":148,"column":34}}},"12":{"name":"(anonymous_30)","decl":{"start":{"line":164,"column":22},"end":{"line":164,"column":23}},"loc":{"start":{"line":164,"column":24},"end":{"line":164,"column":36}}},"13":{"name":"StatusBadge","decl":{"start":{"line":176,"column":9},"end":{"line":176,"column":20}},"loc":{"start":{"line":176,"column":51},"end":{"line":185,"column":1}}}},"branchMap":{"0":{"loc":{"start":{"line":24,"column":7},"end":{"line":24,"column":84}},"type":"binary-expr","locations":[{"start":{"line":24,"column":7},"end":{"line":24,"column":14}},{"start":{"line":24,"column":18},"end":{"line":24,"column":84}}]},"1":{"loc":{"start":{"line":41,"column":13},"end":{"line":42,"column":null}},"type":"binary-expr","locations":[{"start":{"line":41,"column":13},"end":{"line":41,"column":22}},{"start":{"line":42,"column":14},"end":{"line":42,"column":102}}]},"2":{"loc":{"start":{"line":44,"column":13},"end":{"line":45,"column":null}},"type":"binary-expr","locations":[{"start":{"line":44,"column":13},"end":{"line":44,"column":36}},{"start":{"line":45,"column":14},"end":{"line":45,"column":101}}]},"3":{"loc":{"start":{"line":44,"column":13},"end":{"line":44,"column":30}},"type":"cond-expr","locations":[{"start":{"line":44,"column":22},"end":{"line":44,"column":24}},{"start":{"line":44,"column":13},"end":{"line":44,"column":30}}]},"4":{"loc":{"start":{"line":44,"column":13},"end":{"line":44,"column":24}},"type":"binary-expr","locations":[{"start":{"line":44,"column":13},"end":{"line":44,"column":24}},{"start":{"line":44,"column":13},"end":{"line":44,"column":24}}]},"5":{"loc":{"start":{"line":47,"column":13},"end":{"line":85,"column":14}},"type":"cond-expr","locations":[{"start":{"line":47,"column":22},"end":{"line":47,"column":24}},{"start":{"line":47,"column":13},"end":{"line":85,"column":14}}]},"6":{"loc":{"start":{"line":47,"column":13},"end":{"line":47,"column":24}},"type":"binary-expr","locations":[{"start":{"line":47,"column":13},"end":{"line":47,"column":24}},{"start":{"line":47,"column":13},"end":{"line":47,"column":24}}]},"7":{"loc":{"start":{"line":56,"column":20},"end":{"line":56,"column":118}},"type":"cond-expr","locations":[{"start":{"line":56,"column":51},"end":{"line":56,"column":87}},{"start":{"line":56,"column":90},"end":{"line":56,"column":118}}]},"8":{"loc":{"start":{"line":63,"column":58},"end":{"line":63,"column":86}},"type":"cond-expr","locations":[{"start":{"line":63,"column":77},"end":{"line":63,"column":81}},{"start":{"line":63,"column":81},"end":{"line":63,"column":86}}]},"9":{"loc":{"start":{"line":63,"column":58},"end":{"line":63,"column":81}},"type":"binary-expr","locations":[{"start":{"line":63,"column":58},"end":{"line":63,"column":81}},{"start":{"line":63,"column":77},"end":{"line":63,"column":81}}]},"10":{"loc":{"start":{"line":63,"column":58},"end":{"line":63,"column":77}},"type":"cond-expr","locations":[{"start":{"line":63,"column":65},"end":{"line":63,"column":67}},{"start":{"line":63,"column":65},"end":{"line":63,"column":77}}]},"11":{"loc":{"start":{"line":63,"column":58},"end":{"line":63,"column":67}},"type":"binary-expr","locations":[{"start":{"line":63,"column":58},"end":{"line":63,"column":67}},{"start":{"line":63,"column":65},"end":{"line":63,"column":67}}]},"12":{"loc":{"start":{"line":69,"column":19},"end":{"line":69,"column":81}},"type":"cond-expr","locations":[{"start":{"line":69,"column":33},"end":{"line":69,"column":75}},{"start":{"line":69,"column":78},"end":{"line":69,"column":81}}]},"13":{"loc":{"start":{"line":72,"column":19},"end":{"line":81,"column":null}},"type":"binary-expr","locations":[{"start":{"line":72,"column":20},"end":{"line":72,"column":42}},{"start":{"line":72,"column":46},"end":{"line":72,"column":65}},{"start":{"line":73,"column":20},"end":{"line":78,"column":null}}]},"14":{"loc":{"start":{"line":76,"column":24},"end":{"line":76,"column":70}},"type":"switch","locations":[{"start":{"line":76,"column":24},"end":{"line":76,"column":70}}]},"15":{"loc":{"start":{"line":140,"column":56},"end":{"line":140,"column":85}},"type":"binary-expr","locations":[{"start":{"line":140,"column":56},"end":{"line":140,"column":80}},{"start":{"line":140,"column":84},"end":{"line":140,"column":85}}]},"16":{"loc":{"start":{"line":156,"column":7},"end":{"line":166,"column":null}},"type":"binary-expr","locations":[{"start":{"line":156,"column":7},"end":{"line":156,"column":34}},{"start":{"line":157,"column":8},"end":{"line":165,"column":null}}]},"17":{"loc":{"start":{"line":163,"column":19},"end":{"line":163,"column":35}},"type":"cond-expr","locations":[{"start":{"line":163,"column":29},"end":{"line":163,"column":33}},{"start":{"line":163,"column":33},"end":{"line":163,"column":35}}]},"18":{"loc":{"start":{"line":163,"column":19},"end":{"line":163,"column":33}},"type":"binary-expr","locations":[{"start":{"line":163,"column":19},"end":{"line":163,"column":33}},{"start":{"line":163,"column":29},"end":{"line":163,"column":33}}]},"19":{"loc":{"start":{"line":164,"column":55},"end":{"line":164,"column":94}},"type":"binary-expr","locations":[{"start":{"line":164,"column":55},"end":{"line":164,"column":81}},{"start":{"line":164,"column":85},"end":{"line":164,"column":94}}]},"20":{"loc":{"start":{"line":184,"column":26},"end":{"line":184,"column":56}},"type":"binary-expr","locations":[{"start":{"line":184,"column":26},"end":{"line":184,"column":40}},{"start":{"line":184,"column":44},"end":{"line":184,"column":56}}]}},"s":{"0":0,"1":0,"2":0,"3":0,"4":0,"5":0,"6":0,"7":0,"8":0,"9":0,"10":0,"11":0,"12":0,"13":0,"14":0,"15":0,"16":0,"17":0,"18":0,"19":0,"20":0,"21":0,"22":0,"23":0,"24":0,"25":0,"26":0,"27":0,"28":0,"29":0,"30":0,"31":0,"32":0,"33":0,"34":0,"35":0,"36":0,"37":0,"38":0},"f":{"0":0,"1":0,"2":0,"3":0,"4":0,"5":0,"6":0,"7":0,"8":0,"9":0,"10":0,"11":0,"12":0,"13":0},"b":{"0":[0,0],"1":[0,0],"2":[0,0],"3":[0,0],"4":[0,0],"5":[0,0],"6":[0,0],"7":[0,0],"8":[0,0],"9":[0,0],"10":[0,0],"11":[0,0],"12":[0,0],"13":[0,0,0],"14":[0],"15":[0,0],"16":[0,0],"17":[0,0],"18":[0,0],"19":[0,0],"20":[0,0]}}
,"/mnt/Local Disk C/web-projects/zerodha-trade/frontend/src/app/portfolio/page.tsx": {"path":"/mnt/Local Disk C/web-projects/zerodha-trade/frontend/src/app/portfolio/page.tsx","statementMap":{"0":{"start":{"line":6,"column":0},"end":{"line":6,"column":24}},"1":{"start":{"line":3,"column":0},"end":{"line":3,"column":72}},"2":{"start":{"line":4,"column":0},"end":{"line":4,"column":75}},"3":{"start":{"line":7,"column":2},"end":{"line":21,"column":4}},"4":{"start":{"line":25,"column":19},"end":{"line":25,"column":32}},"5":{"start":{"line":27,"column":2},"end":{"line":27,"column":25}},"6":{"start":{"line":27,"column":13},"end":{"line":27,"column":25}},"7":{"start":{"line":29,"column":2},"end":{"line":50,"column":4}},"8":{"start":{"line":54,"column":30},"end":{"line":54,"column":44}},"9":{"start":{"line":54,"column":14},"end":{"line":54,"column":16}},"10":{"start":{"line":54,"column":25},"end":{"line":54,"column":30}},"11":{"start":{"line":55,"column":19},"end":{"line":55,"column":69}},"12":{"start":{"line":55,"column":49},"end":{"line":55,"column":62}},"13":{"start":{"line":57,"column":2},"end":{"line":101,"column":4}},"14":{"start":{"line":82,"column":33},"end":{"line":97,"column":12}},"15":{"start":{"line":105,"column":30},"end":{"line":105,"column":43}},"16":{"start":{"line":105,"column":14},"end":{"line":105,"column":16}},"17":{"start":{"line":105,"column":25},"end":{"line":105,"column":30}},"18":{"start":{"line":107,"column":2},"end":{"line":150,"column":4}},"19":{"start":{"line":130,"column":28},"end":{"line":146,"column":12}}},"fnMap":{"0":{"name":"PortfolioPage","decl":{"start":{"line":6,"column":24},"end":{"line":6,"column":37}},"loc":{"start":{"line":6,"column":37},"end":{"line":22,"column":1}}},"1":{"name":"MarginsOverview","decl":{"start":{"line":24,"column":9},"end":{"line":24,"column":24}},"loc":{"start":{"line":24,"column":24},"end":{"line":51,"column":1}}},"2":{"name":"PositionsTable","decl":{"start":{"line":53,"column":9},"end":{"line":53,"column":23}},"loc":{"start":{"line":53,"column":23},"end":{"line":102,"column":1}}},"3":{"name":"(anonymous_3)","decl":{"start":{"line":55,"column":37},"end":{"line":55,"column":38}},"loc":{"start":{"line":55,"column":44},"end":{"line":55,"column":52}}},"4":{"name":"(anonymous_4)","decl":{"start":{"line":82,"column":26},"end":{"line":82,"column":27}},"loc":{"start":{"line":82,"column":28},"end":{"line":82,"column":null}}},"5":{"name":"HoldingsTable","decl":{"start":{"line":104,"column":9},"end":{"line":104,"column":22}},"loc":{"start":{"line":104,"column":22},"end":{"line":151,"column":1}}},"6":{"name":"(anonymous_6)","decl":{"start":{"line":130,"column":21},"end":{"line":130,"column":22}},"loc":{"start":{"line":130,"column":23},"end":{"line":146,"column":12}}}},"branchMap":{"0":{"loc":{"start":{"line":27,"column":2},"end":{"line":27,"column":25}},"type":"if","locations":[{"start":{"line":27,"column":2},"end":{"line":27,"column":25}}]},"1":{"loc":{"start":{"line":31,"column":7},"end":{"line":47,"column":null}},"type":"binary-expr","locations":[{"start":{"line":31,"column":7},"end":{"line":31,"column":18}},{"start":{"line":32,"column":8},"end":{"line":46,"column":null}}]},"2":{"loc":{"start":{"line":55,"column":19},"end":{"line":55,"column":69}},"type":"cond-expr","locations":[{"start":{"line":55,"column":64},"end":{"line":55,"column":68}},{"start":{"line":55,"column":68},"end":{"line":55,"column":69}}]},"3":{"loc":{"start":{"line":55,"column":19},"end":{"line":55,"column":68}},"type":"binary-expr","locations":[{"start":{"line":55,"column":19},"end":{"line":55,"column":68}},{"start":{"line":55,"column":64},"end":{"line":55,"column":68}}]},"4":{"loc":{"start":{"line":55,"column":19},"end":{"line":55,"column":64}},"type":"cond-expr","locations":[{"start":{"line":55,"column":28},"end":{"line":55,"column":30}},{"start":{"line":55,"column":28},"end":{"line":55,"column":64}}]},"5":{"loc":{"start":{"line":55,"column":19},"end":{"line":55,"column":30}},"type":"binary-expr","locations":[{"start":{"line":55,"column":19},"end":{"line":55,"column":30}},{"start":{"line":55,"column":28},"end":{"line":55,"column":30}}]},"6":{"loc":{"start":{"line":55,"column":19},"end":{"line":55,"column":28}},"type":"cond-expr","locations":[{"start":{"line":55,"column":23},"end":{"line":55,"column":25}},{"start":{"line":55,"column":19},"end":{"line":55,"column":28}}]},"7":{"loc":{"start":{"line":55,"column":19},"end":{"line":55,"column":25}},"type":"binary-expr","locations":[{"start":{"line":55,"column":19},"end":{"line":55,"column":25}},{"start":{"line":55,"column":19},"end":{"line":55,"column":25}}]},"8":{"loc":{"start":{"line":61,"column":59},"end":{"line":61,"column":106}},"type":"cond-expr","locations":[{"start":{"line":61,"column":75},"end":{"line":61,"column":89}},{"start":{"line":61,"column":92},"end":{"line":61,"column":106}}]},"9":{"loc":{"start":{"line":76,"column":11},"end":{"line":77,"column":null}},"type":"binary-expr","locations":[{"start":{"line":76,"column":11},"end":{"line":76,"column":20}},{"start":{"line":77,"column":12},"end":{"line":77,"column":100}}]},"10":{"loc":{"start":{"line":79,"column":11},"end":{"line":80,"column":null}},"type":"binary-expr","locations":[{"start":{"line":79,"column":11},"end":{"line":79,"column":34}},{"start":{"line":80,"column":12},"end":{"line":80,"column":102}}]},"11":{"loc":{"start":{"line":79,"column":11},"end":{"line":79,"column":28}},"type":"cond-expr","locations":[{"start":{"line":79,"column":20},"end":{"line":79,"column":22}},{"start":{"line":79,"column":20},"end":{"line":79,"column":28}}]},"12":{"loc":{"start":{"line":79,"column":11},"end":{"line":79,"column":22}},"type":"binary-expr","locations":[{"start":{"line":79,"column":11},"end":{"line":79,"column":22}},{"start":{"line":79,"column":20},"end":{"line":79,"column":22}}]},"13":{"loc":{"start":{"line":79,"column":11},"end":{"line":79,"column":20}},"type":"cond-expr","locations":[{"start":{"line":79,"column":15},"end":{"line":79,"column":17}},{"start":{"line":79,"column":11},"end":{"line":79,"column":20}}]},"14":{"loc":{"start":{"line":79,"column":11},"end":{"line":79,"column":17}},"type":"binary-expr","locations":[{"start":{"line":79,"column":11},"end":{"line":79,"column":17}},{"start":{"line":79,"column":11},"end":{"line":79,"column":17}}]},"15":{"loc":{"start":{"line":82,"column":11},"end":{"line":97,"column":12}},"type":"cond-expr","locations":[{"start":{"line":82,"column":20},"end":{"line":82,"column":22}},{"start":{"line":82,"column":20},"end":{"line":97,"column":12}}]},"16":{"loc":{"start":{"line":82,"column":11},"end":{"line":82,"column":22}},"type":"binary-expr","locations":[{"start":{"line":82,"column":11},"end":{"line":82,"column":22}},{"start":{"line":82,"column":20},"end":{"line":82,"column":22}}]},"17":{"loc":{"start":{"line":82,"column":11},"end":{"line":82,"column":20}},"type":"cond-expr","locations":[{"start":{"line":82,"column":15},"end":{"line":82,"column":17}},{"start":{"line":82,"column":11},"end":{"line":82,"column":20}}]},"18":{"loc":{"start":{"line":82,"column":11},"end":{"line":82,"column":17}},"type":"binary-expr","locations":[{"start":{"line":82,"column":11},"end":{"line":82,"column":17}},{"start":{"line":82,"column":11},"end":{"line":82,"column":17}}]},"19":{"loc":{"start":{"line":88,"column":60},"end":{"line":88,"column":96}},"type":"cond-expr","locations":[{"start":{"line":88,"column":77},"end":{"line":88,"column":91}},{"start":{"line":88,"column":94},"end":{"line":88,"column":96}}]},"20":{"loc":{"start":{"line":93,"column":72},"end":{"line":93,"column":116}},"type":"cond-expr","locations":[{"start":{"line":93,"column":85},"end":{"line":93,"column":99}},{"start":{"line":93,"column":102},"end":{"line":93,"column":116}}]},"21":{"loc":{"start":{"line":124,"column":11},"end":{"line":125,"column":null}},"type":"binary-expr","locations":[{"start":{"line":124,"column":11},"end":{"line":124,"column":20}},{"start":{"line":125,"column":12},"end":{"line":125,"column":100}}]},"22":{"loc":{"start":{"line":127,"column":11},"end":{"line":128,"column":null}},"type":"binary-expr","locations":[{"start":{"line":127,"column":11},"end":{"line":127,"column":29}},{"start":{"line":128,"column":12},"end":{"line":128,"column":101}}]},"23":{"loc":{"start":{"line":127,"column":11},"end":{"line":127,"column":23}},"type":"cond-expr","locations":[{"start":{"line":127,"column":15},"end":{"line":127,"column":17}},{"start":{"line":127,"column":11},"end":{"line":127,"column":23}}]},"24":{"loc":{"start":{"line":127,"column":11},"end":{"line":127,"column":17}},"type":"binary-expr","locations":[{"start":{"line":127,"column":11},"end":{"line":127,"column":17}},{"start":{"line":127,"column":11},"end":{"line":127,"column":17}}]},"25":{"loc":{"start":{"line":130,"column":11},"end":{"line":146,"column":12}},"type":"cond-expr","locations":[{"start":{"line":130,"column":15},"end":{"line":130,"column":17}},{"start":{"line":130,"column":11},"end":{"line":146,"column":12}}]},"26":{"loc":{"start":{"line":130,"column":11},"end":{"line":130,"column":17}},"type":"binary-expr","locations":[{"start":{"line":130,"column":11},"end":{"line":130,"column":17}},{"start":{"line":130,"column":11},"end":{"line":130,"column":17}}]},"27":{"loc":{"start":{"line":139,"column":72},"end":{"line":139,"column":116}},"type":"cond-expr","locations":[{"start":{"line":139,"column":85},"end":{"line":139,"column":99}},{"start":{"line":139,"column":102},"end":{"line":139,"column":116}}]},"28":{"loc":{"start":{"line":142,"column":60},"end":{"line":142,"column":129}},"type":"cond-expr","locations":[{"start":{"line":142,"column":98},"end":{"line":142,"column":112}},{"start":{"line":142,"column":115},"end":{"line":142,"column":129}}]},"29":{"loc":{"start":{"line":142,"column":61},"end":{"line":142,"column":89}},"type":"cond-expr","locations":[{"start":{"line":142,"column":84},"end":{"line":142,"column":88}},{"start":{"line":142,"column":88},"end":{"line":142,"column":89}}]},"30":{"loc":{"start":{"line":142,"column":61},"end":{"line":142,"column":88}},"type":"binary-expr","locations":[{"start":{"line":142,"column":61},"end":{"line":142,"column":88}},{"start":{"line":142,"column":84},"end":{"line":142,"column":88}}]},"31":{"loc":{"start":{"line":143,"column":31},"end":{"line":143,"column":59}},"type":"cond-expr","locations":[{"start":{"line":143,"column":54},"end":{"line":143,"column":58}},{"start":{"line":143,"column":58},"end":{"line":143,"column":59}}]},"32":{"loc":{"start":{"line":143,"column":31},"end":{"line":143,"column":58}},"type":"binary-expr","locations":[{"start":{"line":143,"column":31},"end":{"line":143,"column":58}},{"start":{"line":143,"column":54},"end":{"line":143,"column":58}}]}},"s":{"0":0,"1":0,"2":0,"3":0,"4":0,"5":0,"6":0,"7":0,"8":0,"9":0,"10":0,"11":0,"12":0,"13":0,"14":0,"15":0,"16":0,"17":0,"18":0,"19":0},"f":{"0":0,"1":0,"2":0,"3":0,"4":0,"5":0,"6":0},"b":{"0":[0],"1":[0,0],"2":[0,0],"3":[0,0],"4":[0,0],"5":[0,0],"6":[0,0],"7":[0,0],"8":[0,0],"9":[0,0],"10":[0,0],"11":[0,0],"12":[0,0],"13":[0,0],"14":[0,0],"15":[0,0],"16":[0,0],"17":[0,0],"18":[0,0],"19":[0,0],"20":[0,0],"21":[0,0],"22":[0,0],"23":[0,0],"24":[0,0],"25":[0,0],"26":[0,0],"27":[0,0],"28":[0,0],"29":[0,0],"30":[0,0],"31":[0,0],"32":[0,0]}}
,"/mnt/Local Disk C/web-projects/zerodha-trade/frontend/src/app/providers/page.tsx": {"path":"/mnt/Local Disk C/web-projects/zerodha-trade/frontend/src/app/providers/page.tsx","statementMap":{"0":{"start":{"line":7,"column":0},"end":{"line":7,"column":24}},"1":{"start":{"line":3,"column":0},"end":{"line":3,"column":47}},"2":{"start":{"line":4,"column":0},"end":{"line":4,"column":54}},"3":{"start":{"line":5,"column":0},"end":{"line":5,"column":33}},"4":{"start":{"line":8,"column":38},"end":{"line":8,"column":52}},"5":{"start":{"line":8,"column":14},"end":{"line":8,"column":16}},"6":{"start":{"line":8,"column":25},"end":{"line":8,"column":27}},"7":{"start":{"line":8,"column":33},"end":{"line":8,"column":38}},"8":{"start":{"line":10,"column":2},"end":{"line":80,"column":4}},"9":{"start":{"line":21,"column":19},"end":{"line":21,"column":null}},"10":{"start":{"line":21,"column":33},"end":{"line":21,"column":63}},"11":{"start":{"line":21,"column":64},"end":{"line":21,"column":73}},"12":{"start":{"line":30,"column":26},"end":{"line":68,"column":10}},"13":{"start":{"line":49,"column":27},"end":{"line":52,"column":null}},"14":{"start":{"line":50,"column":20},"end":{"line":50,"column":56}},"15":{"start":{"line":51,"column":20},"end":{"line":51,"column":29}},"16":{"start":{"line":59,"column":25},"end":{"line":62,"column":null}},"17":{"start":{"line":60,"column":33},"end":{"line":60,"column":null}},"18":{"start":{"line":60,"column":24},"end":{"line":60,"column":null}},"19":{"start":{"line":61,"column":18},"end":{"line":61,"column":118}}},"fnMap":{"0":{"name":"ProvidersPage","decl":{"start":{"line":7,"column":24},"end":{"line":7,"column":37}},"loc":{"start":{"line":7,"column":37},"end":{"line":81,"column":1}}},"1":{"name":"(anonymous_14)","decl":{"start":{"line":21,"column":19},"end":{"line":21,"column":33}},"loc":{"start":{"line":21,"column":19},"end":{"line":21,"column":null}}},"2":{"name":"(anonymous_17)","decl":{"start":{"line":30,"column":19},"end":{"line":30,"column":20}},"loc":{"start":{"line":30,"column":21},"end":{"line":30,"column":null}}},"3":{"name":"(anonymous_18)","decl":{"start":{"line":49,"column":27},"end":{"line":49,"column":null}},"loc":{"start":{"line":49,"column":27},"end":{"line":52,"column":null}}},"4":{"name":"(anonymous_21)","decl":{"start":{"line":59,"column":25},"end":{"line":59,"column":null}},"loc":{"start":{"line":59,"column":25},"end":{"line":62,"column":null}}}},"branchMap":{"0":{"loc":{"start":{"line":21,"column":33},"end":{"line":21,"column":63}},"type":"switch","locations":[{"start":{"line":21,"column":33},"end":{"line":21,"column":63}}]},"1":{"loc":{"start":{"line":27,"column":7},"end":{"line":27,"column":69}},"type":"binary-expr","locations":[{"start":{"line":27,"column":7},"end":{"line":27,"column":16}},{"start":{"line":27,"column":20},"end":{"line":27,"column":69}}]},"2":{"loc":{"start":{"line":30,"column":9},"end":{"line":68,"column":10}},"type":"cond-expr","locations":[{"start":{"line":30,"column":13},"end":{"line":30,"column":15}},{"start":{"line":30,"column":9},"end":{"line":68,"column":10}}]},"3":{"loc":{"start":{"line":30,"column":9},"end":{"line":30,"column":15}},"type":"binary-expr","locations":[{"start":{"line":30,"column":9},"end":{"line":30,"column":15}},{"start":{"line":30,"column":9},"end":{"line":30,"column":15}}]},"4":{"loc":{"start":{"line":31,"column":77},"end":{"line":31,"column":144}},"type":"cond-expr","locations":[{"start":{"line":31,"column":91},"end":{"line":31,"column":112}},{"start":{"line":31,"column":115},"end":{"line":31,"column":144}}]},"5":{"loc":{"start":{"line":37,"column":15},"end":{"line":37,"column":75}},"type":"binary-expr","locations":[{"start":{"line":37,"column":15},"end":{"line":37,"column":26}},{"start":{"line":37,"column":30},"end":{"line":37,"column":75}}]},"6":{"loc":{"start":{"line":42,"column":29},"end":{"line":42,"column":68}},"type":"cond-expr","locations":[{"start":{"line":42,"column":52},"end":{"line":42,"column":59}},{"start":{"line":42,"column":62},"end":{"line":42,"column":68}}]},"7":{"loc":{"start":{"line":46,"column":15},"end":{"line":55,"column":null}},"type":"binary-expr","locations":[{"start":{"line":46,"column":15},"end":{"line":46,"column":27}},{"start":{"line":47,"column":16},"end":{"line":52,"column":null}}]},"8":{"loc":{"start":{"line":50,"column":20},"end":{"line":50,"column":56}},"type":"switch","locations":[{"start":{"line":50,"column":20},"end":{"line":50,"column":56}}]},"9":{"loc":{"start":{"line":60,"column":33},"end":{"line":60,"column":null}},"type":"switch","locations":[{"start":{"line":60,"column":33},"end":{"line":60,"column":null}}]},"10":{"loc":{"start":{"line":61,"column":46},"end":{"line":61,"column":89}},"type":"cond-expr","locations":[{"start":{"line":61,"column":66},"end":{"line":61,"column":75}},{"start":{"line":61,"column":78},"end":{"line":61,"column":89}}]},"11":{"loc":{"start":{"line":71,"column":7},"end":{"line":77,"column":null}},"type":"binary-expr","locations":[{"start":{"line":71,"column":7},"end":{"line":71,"column":25}},{"start":{"line":72,"column":8},"end":{"line":76,"column":null}}]},"12":{"loc":{"start":{"line":71,"column":7},"end":{"line":71,"column":19}},"type":"cond-expr","locations":[{"start":{"line":71,"column":11},"end":{"line":71,"column":13}},{"start":{"line":71,"column":7},"end":{"line":71,"column":19}}]},"13":{"loc":{"start":{"line":71,"column":7},"end":{"line":71,"column":13}},"type":"binary-expr","locations":[{"start":{"line":71,"column":7},"end":{"line":71,"column":13}},{"start":{"line":71,"column":7},"end":{"line":71,"column":13}}]}},"s":{"0":0,"1":0,"2":0,"3":0,"4":0,"5":0,"6":0,"7":0,"8":0,"9":0,"10":0,"11":0,"12":0,"13":0,"14":0,"15":0,"16":0,"17":0,"18":0,"19":0},"f":{"0":0,"1":0,"2":0,"3":0,"4":0},"b":{"0":[0],"1":[0,0],"2":[0,0],"3":[0,0],"4":[0,0],"5":[0,0],"6":[0,0],"7":[0,0],"8":[0],"9":[0],"10":[0,0],"11":[0,0],"12":[0,0],"13":[0,0]}}
,"/mnt/Local Disk C/web-projects/zerodha-trade/frontend/src/app/settings/page.tsx": {"path":"/mnt/Local Disk C/web-projects/zerodha-trade/frontend/src/app/settings/page.tsx","statementMap":{"0":{"start":{"line":8,"column":0},"end":{"line":8,"column":24}},"1":{"start":{"line":3,"column":0},"end":{"line":3,"column":44}},"2":{"start":{"line":4,"column":0},"end":{"line":4,"column":63}},"3":{"start":{"line":5,"column":0},"end":{"line":5,"column":48}},"4":{"start":{"line":6,"column":0},"end":{"line":6,"column":33}},"5":{"start":{"line":9,"column":2},"end":{"line":19,"column":4}},"6":{"start":{"line":22,"column":0},"end":{"line":22,"column":9}},"7":{"start":{"line":23,"column":35},"end":{"line":23,"column":50}},"8":{"start":{"line":23,"column":22},"end":{"line":23,"column":24}},"9":{"start":{"line":23,"column":30},"end":{"line":23,"column":35}},"10":{"start":{"line":25,"column":2},"end":{"line":25,"column":27}},"11":{"start":{"line":25,"column":15},"end":{"line":25,"column":27}},"12":{"start":{"line":27,"column":2},"end":{"line":53,"column":4}},"13":{"start":{"line":39,"column":21},"end":{"line":39,"column":null}},"14":{"start":{"line":39,"column":35},"end":{"line":39,"column":74}},"15":{"start":{"line":39,"column":75},"end":{"line":39,"column":84}},"16":{"start":{"line":46,"column":21},"end":{"line":46,"column":null}},"17":{"start":{"line":46,"column":35},"end":{"line":46,"column":72}},"18":{"start":{"line":46,"column":73},"end":{"line":46,"column":82}},"19":{"start":{"line":56,"column":0},"end":{"line":56,"column":9}},"20":{"start":{"line":57,"column":35},"end":{"line":57,"column":50}},"21":{"start":{"line":57,"column":22},"end":{"line":57,"column":24}},"22":{"start":{"line":57,"column":30},"end":{"line":57,"column":35}},"23":{"start":{"line":58,"column":26},"end":{"line":58,"column":62}},"24":{"start":{"line":58,"column":13},"end":{"line":58,"column":15}},"25":{"start":{"line":58,"column":22},"end":{"line":58,"column":26}},"26":{"start":{"line":59,"column":30},"end":{"line":59,"column":45}},"27":{"start":{"line":59,"column":15},"end":{"line":59,"column":17}},"28":{"start":{"line":59,"column":26},"end":{"line":59,"column":30}},"29":{"start":{"line":61,"column":2},"end":{"line":74,"column":15}},"30":{"start":{"line":62,"column":4},"end":{"line":73,"column":5}},"31":{"start":{"line":63,"column":6},"end":{"line":72,"column":9}},"32":{"start":{"line":76,"column":21},"end":{"line":81,"column":4}},"33":{"start":{"line":77,"column":4},"end":{"line":77,"column":20}},"34":{"start":{"line":78,"column":4},"end":{"line":78,"column":43}},"35":{"start":{"line":79,"column":4},"end":{"line":79,"column":13}},"36":{"start":{"line":80,"column":4},"end":{"line":80,"column":21}},"37":{"start":{"line":83,"column":17},"end":{"line":92,"column":4}},"38":{"start":{"line":94,"column":2},"end":{"line":116,"column":4}},"39":{"start":{"line":98,"column":27},"end":{"line":108,"column":10}},"40":{"start":{"line":105,"column":31},"end":{"line":105,"column":null}}},"fnMap":{"0":{"name":"SettingsPage","decl":{"start":{"line":8,"column":24},"end":{"line":8,"column":36}},"loc":{"start":{"line":8,"column":36},"end":{"line":20,"column":1}}},"1":{"name":"KillSwitchPanel","decl":{"start":{"line":22,"column":9},"end":{"line":22,"column":24}},"loc":{"start":{"line":22,"column":24},"end":{"line":54,"column":1}}},"2":{"name":"(anonymous_17)","decl":{"start":{"line":39,"column":21},"end":{"line":39,"column":35}},"loc":{"start":{"line":39,"column":21},"end":{"line":39,"column":null}}},"3":{"name":"(anonymous_20)","decl":{"start":{"line":46,"column":21},"end":{"line":46,"column":35}},"loc":{"start":{"line":46,"column":21},"end":{"line":46,"column":null}}},"4":{"name":"RiskLimitsPanel","decl":{"start":{"line":56,"column":9},"end":{"line":56,"column":24}},"loc":{"start":{"line":56,"column":24},"end":{"line":117,"column":1}}},"5":{"name":"(anonymous_24)","decl":{"start":{"line":61,"column":12},"end":{"line":61,"column":null}},"loc":{"start":{"line":61,"column":12},"end":{"line":74,"column":3}}},"6":{"name":"(anonymous_25)","decl":{"start":{"line":76,"column":21},"end":{"line":76,"column":null}},"loc":{"start":{"line":76,"column":21},"end":{"line":81,"column":4}}},"7":{"name":"(anonymous_28)","decl":{"start":{"line":98,"column":20},"end":{"line":98,"column":21}},"loc":{"start":{"line":98,"column":22},"end":{"line":108,"column":10}}},"8":{"name":"(anonymous_29)","decl":{"start":{"line":105,"column":24},"end":{"line":105,"column":25}},"loc":{"start":{"line":105,"column":26},"end":{"line":105,"column":38}}}},"branchMap":{"0":{"loc":{"start":{"line":25,"column":2},"end":{"line":25,"column":27}},"type":"if","locations":[{"start":{"line":25,"column":2},"end":{"line":25,"column":27}}]},"1":{"loc":{"start":{"line":28,"column":40},"end":{"line":28,"column":119}},"type":"cond-expr","locations":[{"start":{"line":28,"column":68},"end":{"line":28,"column":87}},{"start":{"line":28,"column":90},"end":{"line":28,"column":119}}]},"2":{"loc":{"start":{"line":36,"column":9},"end":{"line":49,"column":null}},"type":"cond-expr","locations":[{"start":{"line":37,"column":10},"end":{"line":39,"column":null}},{"start":{"line":44,"column":10},"end":{"line":46,"column":null}}]},"3":{"loc":{"start":{"line":39,"column":35},"end":{"line":39,"column":74}},"type":"switch","locations":[{"start":{"line":39,"column":35},"end":{"line":39,"column":74}}]},"4":{"loc":{"start":{"line":46,"column":35},"end":{"line":46,"column":72}},"type":"switch","locations":[{"start":{"line":46,"column":35},"end":{"line":46,"column":72}}]},"5":{"loc":{"start":{"line":62,"column":4},"end":{"line":73,"column":5}},"type":"if","locations":[{"start":{"line":62,"column":4},"end":{"line":73,"column":5}}]},"6":{"loc":{"start":{"line":104,"column":21},"end":{"line":104,"column":38}},"type":"cond-expr","locations":[{"start":{"line":104,"column":32},"end":{"line":104,"column":36}},{"start":{"line":104,"column":36},"end":{"line":104,"column":38}}]},"7":{"loc":{"start":{"line":104,"column":21},"end":{"line":104,"column":36}},"type":"binary-expr","locations":[{"start":{"line":104,"column":21},"end":{"line":104,"column":36}},{"start":{"line":104,"column":32},"end":{"line":104,"column":36}}]},"8":{"loc":{"start":{"line":112,"column":11},"end":{"line":112,"column":52}},"type":"cond-expr","locations":[{"start":{"line":112,"column":20},"end":{"line":112,"column":31}},{"start":{"line":112,"column":34},"end":{"line":112,"column":52}}]}},"s":{"0":0,"1":0,"2":0,"3":0,"4":0,"5":0,"6":0,"7":0,"8":0,"9":0,"10":0,"11":0,"12":0,"13":0,"14":0,"15":0,"16":0,"17":0,"18":0,"19":0,"20":0,"21":0,"22":0,"23":0,"24":0,"25":0,"26":0,"27":0,"28":0,"29":0,"30":0,"31":0,"32":0,"33":0,"34":0,"35":0,"36":0,"37":0,"38":0,"39":0,"40":0},"f":{"0":0,"1":0,"2":0,"3":0,"4":0,"5":0,"6":0,"7":0,"8":0},"b":{"0":[0],"1":[0,0],"2":[0,0],"3":[0],"4":[0],"5":[0],"6":[0,0],"7":[0,0],"8":[0,0]}}
,"/mnt/Local Disk C/web-projects/zerodha-trade/frontend/src/app/strategies/page.tsx": {"path":"/mnt/Local Disk C/web-projects/zerodha-trade/frontend/src/app/strategies/page.tsx","statementMap":{"0":{"start":{"line":7,"column":0},"end":{"line":7,"column":24}},"1":{"start":{"line":3,"column":0},"end":{"line":3,"column":48}},"2":{"start":{"line":4,"column":0},"end":{"line":4,"column":56}},"3":{"start":{"line":5,"column":0},"end":{"line":5,"column":44}},"4":{"start":{"line":8,"column":38},"end":{"line":8,"column":53}},"5":{"start":{"line":8,"column":14},"end":{"line":8,"column":16}},"6":{"start":{"line":8,"column":25},"end":{"line":8,"column":27}},"7":{"start":{"line":8,"column":33},"end":{"line":8,"column":38}},"8":{"start":{"line":10,"column":2},"end":{"line":108,"column":4}},"9":{"start":{"line":29,"column":26},"end":{"line":105,"column":10}},"10":{"start":{"line":68,"column":27},"end":{"line":68,"column":null}},"11":{"start":{"line":68,"column":41},"end":{"line":68,"column":82}},"12":{"start":{"line":68,"column":83},"end":{"line":68,"column":92}},"13":{"start":{"line":76,"column":29},"end":{"line":76,"column":null}},"14":{"start":{"line":76,"column":43},"end":{"line":76,"column":84}},"15":{"start":{"line":76,"column":85},"end":{"line":76,"column":94}},"16":{"start":{"line":82,"column":29},"end":{"line":82,"column":null}},"17":{"start":{"line":82,"column":43},"end":{"line":82,"column":83}},"18":{"start":{"line":82,"column":84},"end":{"line":82,"column":93}},"19":{"start":{"line":91,"column":29},"end":{"line":91,"column":null}},"20":{"start":{"line":91,"column":43},"end":{"line":91,"column":85}},"21":{"start":{"line":91,"column":86},"end":{"line":91,"column":95}},"22":{"start":{"line":97,"column":29},"end":{"line":97,"column":null}},"23":{"start":{"line":97,"column":43},"end":{"line":97,"column":83}},"24":{"start":{"line":97,"column":84},"end":{"line":97,"column":93}},"25":{"start":{"line":111,"column":27},"end":{"line":111,"column":48}},"26":{"start":{"line":112,"column":41},"end":{"line":118,"column":4}},"27":{"start":{"line":119,"column":2},"end":{"line":119,"column":86}}},"fnMap":{"0":{"name":"StrategiesPage","decl":{"start":{"line":7,"column":24},"end":{"line":7,"column":38}},"loc":{"start":{"line":7,"column":38},"end":{"line":109,"column":1}}},"1":{"name":"(anonymous_14)","decl":{"start":{"line":29,"column":19},"end":{"line":29,"column":20}},"loc":{"start":{"line":29,"column":21},"end":{"line":29,"column":null}}},"2":{"name":"(anonymous_15)","decl":{"start":{"line":68,"column":27},"end":{"line":68,"column":41}},"loc":{"start":{"line":68,"column":27},"end":{"line":68,"column":null}}},"3":{"name":"(anonymous_18)","decl":{"start":{"line":76,"column":29},"end":{"line":76,"column":43}},"loc":{"start":{"line":76,"column":29},"end":{"line":76,"column":null}}},"4":{"name":"(anonymous_21)","decl":{"start":{"line":82,"column":29},"end":{"line":82,"column":43}},"loc":{"start":{"line":82,"column":29},"end":{"line":82,"column":null}}},"5":{"name":"(anonymous_24)","decl":{"start":{"line":91,"column":29},"end":{"line":91,"column":43}},"loc":{"start":{"line":91,"column":29},"end":{"line":91,"column":null}}},"6":{"name":"(anonymous_27)","decl":{"start":{"line":97,"column":29},"end":{"line":97,"column":43}},"loc":{"start":{"line":97,"column":29},"end":{"line":97,"column":null}}},"7":{"name":"StateBadge","decl":{"start":{"line":111,"column":9},"end":{"line":111,"column":19}},"loc":{"start":{"line":111,"column":48},"end":{"line":120,"column":1}}}},"branchMap":{"0":{"loc":{"start":{"line":17,"column":7},"end":{"line":17,"column":80}},"type":"binary-expr","locations":[{"start":{"line":17,"column":7},"end":{"line":17,"column":16}},{"start":{"line":17,"column":20},"end":{"line":17,"column":80}}]},"1":{"loc":{"start":{"line":19,"column":7},"end":{"line":25,"column":null}},"type":"binary-expr","locations":[{"start":{"line":19,"column":7},"end":{"line":19,"column":25}},{"start":{"line":20,"column":8},"end":{"line":24,"column":null}}]},"2":{"loc":{"start":{"line":19,"column":7},"end":{"line":19,"column":19}},"type":"cond-expr","locations":[{"start":{"line":19,"column":11},"end":{"line":19,"column":13}},{"start":{"line":19,"column":7},"end":{"line":19,"column":19}}]},"3":{"loc":{"start":{"line":19,"column":7},"end":{"line":19,"column":13}},"type":"binary-expr","locations":[{"start":{"line":19,"column":7},"end":{"line":19,"column":13}},{"start":{"line":19,"column":7},"end":{"line":19,"column":13}}]},"4":{"loc":{"start":{"line":29,"column":9},"end":{"line":105,"column":10}},"type":"cond-expr","locations":[{"start":{"line":29,"column":13},"end":{"line":29,"column":15}},{"start":{"line":29,"column":9},"end":{"line":105,"column":10}}]},"5":{"loc":{"start":{"line":29,"column":9},"end":{"line":29,"column":15}},"type":"binary-expr","locations":[{"start":{"line":29,"column":9},"end":{"line":29,"column":15}},{"start":{"line":29,"column":9},"end":{"line":29,"column":15}}]},"6":{"loc":{"start":{"line":51,"column":19},"end":{"line":53,"column":25}},"type":"cond-expr","locations":[{"start":{"line":52,"column":22},"end":{"line":52,"column":98}},{"start":{"line":53,"column":22},"end":{"line":53,"column":25}}]},"7":{"loc":{"start":{"line":58,"column":56},"end":{"line":58,"column":114}},"type":"cond-expr","locations":[{"start":{"line":58,"column":83},"end":{"line":58,"column":97}},{"start":{"line":58,"column":100},"end":{"line":58,"column":114}}]},"8":{"loc":{"start":{"line":65,"column":15},"end":{"line":102,"column":22}},"type":"cond-expr","locations":[{"start":{"line":66,"column":16},"end":{"line":68,"column":null}},{"start":{"line":72,"column":18},"end":{"line":102,"column":22}}]},"9":{"loc":{"start":{"line":65,"column":15},"end":{"line":65,"column":58}},"type":"binary-expr","locations":[{"start":{"line":65,"column":15},"end":{"line":65,"column":33}},{"start":{"line":65,"column":37},"end":{"line":65,"column":58}}]},"10":{"loc":{"start":{"line":68,"column":41},"end":{"line":68,"column":82}},"type":"switch","locations":[{"start":{"line":68,"column":41},"end":{"line":68,"column":82}}]},"11":{"loc":{"start":{"line":72,"column":18},"end":{"line":102,"column":22}},"type":"cond-expr","locations":[{"start":{"line":73,"column":16},"end":{"line":85,"column":null}},{"start":{"line":87,"column":18},"end":{"line":102,"column":22}}]},"12":{"loc":{"start":{"line":76,"column":43},"end":{"line":76,"column":84}},"type":"switch","locations":[{"start":{"line":76,"column":43},"end":{"line":76,"column":84}}]},"13":{"loc":{"start":{"line":82,"column":43},"end":{"line":82,"column":83}},"type":"switch","locations":[{"start":{"line":82,"column":43},"end":{"line":82,"column":83}}]},"14":{"loc":{"start":{"line":87,"column":18},"end":{"line":102,"column":22}},"type":"cond-expr","locations":[{"start":{"line":88,"column":16},"end":{"line":100,"column":null}},{"start":{"line":102,"column":18},"end":{"line":102,"column":22}}]},"15":{"loc":{"start":{"line":91,"column":43},"end":{"line":91,"column":85}},"type":"switch","locations":[{"start":{"line":91,"column":43},"end":{"line":91,"column":85}}]},"16":{"loc":{"start":{"line":97,"column":43},"end":{"line":97,"column":83}},"type":"switch","locations":[{"start":{"line":97,"column":43},"end":{"line":97,"column":83}}]},"17":{"loc":{"start":{"line":119,"column":26},"end":{"line":119,"column":55}},"type":"binary-expr","locations":[{"start":{"line":119,"column":26},"end":{"line":119,"column":39}},{"start":{"line":119,"column":43},"end":{"line":119,"column":55}}]}},"s":{"0":0,"1":0,"2":0,"3":0,"4":0,"5":0,"6":0,"7":0,"8":0,"9":0,"10":0,"11":0,"12":0,"13":0,"14":0,"15":0,"16":0,"17":0,"18":0,"19":0,"20":0,"21":0,"22":0,"23":0,"24":0,"25":0,"26":0,"27":0},"f":{"0":0,"1":0,"2":0,"3":0,"4":0,"5":0,"6":0,"7":0},"b":{"0":[0,0],"1":[0,0],"2":[0,0],"3":[0,0],"4":[0,0],"5":[0,0],"6":[0,0],"7":[0,0],"8":[0,0],"9":[0,0],"10":[0],"11":[0,0],"12":[0],"13":[0],"14":[0,0],"15":[0],"16":[0],"17":[0,0]}}
,"/mnt/Local Disk C/web-projects/zerodha-trade/frontend/src/components/dashboard/PlaceOrderForm.tsx": {"path":"/mnt/Local Disk C/web-projects/zerodha-trade/frontend/src/components/dashboard/PlaceOrderForm.tsx","statementMap":{"0":{"start":{"line":16,"column":0},"end":{"line":16,"column":16}},"1":{"start":{"line":6,"column":0},"end":{"line":6,"column":33}},"2":{"start":{"line":7,"column":0},"end":{"line":7,"column":48}},"3":{"start":{"line":8,"column":0},"end":{"line":8,"column":48}},"4":{"start":{"line":9,"column":0},"end":{"line":9,"column":54}},"5":{"start":{"line":10,"column":0},"end":{"line":10,"column":44}},"6":{"start":{"line":16,"column":39},"end":{"line":16,"column":62}},"7":{"start":{"line":17,"column":26},"end":{"line":25,"column":4}},"8":{"start":{"line":17,"column":13},"end":{"line":17,"column":15}},"9":{"start":{"line":17,"column":22},"end":{"line":17,"column":26}},"10":{"start":{"line":27,"column":23},"end":{"line":31,"column":4}},"11":{"start":{"line":27,"column":48},"end":{"line":31,"column":4}},"12":{"start":{"line":28,"column":4},"end":{"line":28,"column":23}},"13":{"start":{"line":29,"column":4},"end":{"line":29,"column":32}},"14":{"start":{"line":30,"column":4},"end":{"line":30,"column":13}},"15":{"start":{"line":33,"column":2},"end":{"line":89,"column":4}},"16":{"start":{"line":39,"column":27},"end":{"line":39,"column":null}},"17":{"start":{"line":46,"column":27},"end":{"line":46,"column":null}},"18":{"start":{"line":57,"column":27},"end":{"line":57,"column":null}},"19":{"start":{"line":62,"column":27},"end":{"line":62,"column":null}},"20":{"start":{"line":77,"column":14},"end":{"line":77,"column":null}}},"fnMap":{"0":{"name":"PlaceOrderForm","decl":{"start":{"line":16,"column":16},"end":{"line":16,"column":30}},"loc":{"start":{"line":16,"column":62},"end":{"line":90,"column":1}}},"1":{"name":"(anonymous_16)","decl":{"start":{"line":27,"column":23},"end":{"line":27,"column":30}},"loc":{"start":{"line":27,"column":48},"end":{"line":31,"column":4}}},"2":{"name":"(anonymous_17)","decl":{"start":{"line":27,"column":48},"end":{"line":27,"column":null}},"loc":{"start":{"line":27,"column":48},"end":{"line":31,"column":4}}},"3":{"name":"(anonymous_19)","decl":{"start":{"line":39,"column":20},"end":{"line":39,"column":21}},"loc":{"start":{"line":39,"column":22},"end":{"line":39,"column":34}}},"4":{"name":"(anonymous_20)","decl":{"start":{"line":46,"column":20},"end":{"line":46,"column":21}},"loc":{"start":{"line":46,"column":22},"end":{"line":46,"column":34}}},"5":{"name":"(anonymous_21)","decl":{"start":{"line":57,"column":20},"end":{"line":57,"column":21}},"loc":{"start":{"line":57,"column":22},"end":{"line":57,"column":34}}},"6":{"name":"(anonymous_22)","decl":{"start":{"line":62,"column":20},"end":{"line":62,"column":21}},"loc":{"start":{"line":62,"column":22},"end":{"line":62,"column":34}}},"7":{"name":"(anonymous_23)","decl":{"start":{"line":76,"column":22},"end":{"line":76,"column":23}},"loc":{"start":{"line":76,"column":24},"end":{"line":77,"column":21}}}},"branchMap":{"0":{"loc":{"start":{"line":57,"column":56},"end":{"line":57,"column":85}},"type":"binary-expr","locations":[{"start":{"line":57,"column":56},"end":{"line":57,"column":80}},{"start":{"line":57,"column":84},"end":{"line":57,"column":85}}]},"1":{"loc":{"start":{"line":70,"column":9},"end":{"line":79,"column":null}},"type":"binary-expr","locations":[{"start":{"line":70,"column":9},"end":{"line":70,"column":36}},{"start":{"line":71,"column":10},"end":{"line":77,"column":null}}]},"2":{"loc":{"st
[...]
,"/mnt/Local Disk C/web-projects/zerodha-trade/frontend/src/lib/api.ts": {"path":"/mnt/Local Disk C/web-projects/zerodha-trade/frontend/src/lib/api.ts","statementMap":{"0":{"start":{"line":5,"column":17},"end":{"line":5,"column":54}},"1":{"start":{"line":7,"column":0},"end":{"line":7,"column":null}},"2":{"start":{"line":7,"column":23},"end":{"line":7,"column":28}},"3":{"start":{"line":12,"column":4},"end":{"line":12,"column":19}},"4":{"start":{"line":9,"column":11},"end":{"line":9,"column":25}},"5":{"start":{"line":13,"column":4},"end":{"line":13,"column":27}},"6":{"start":{"line":15,"column":0},"end":{"line":15,"column":null}},"7":{"start":{"line":18,"column":8},"end":{"line":18,"column":39}},"8":{"start":{"line":19,"column":14},"end":{"line":25,"column":null}},"9":{"start":{"line":19,"column":8},"end":{"line":25,"column":null}},"10":{"start":{"line":27,"column":6},"end":{"line":27,"column":7}},"11":{"start":{"line":28,"column":17},"end":{"line":28,"column":null}},"12":{"start":{"line":28,"column":46},"end":{"line":28,"column":62}},"13":{"start":{"line":28,"column":10},"end":{"line":28,"column":null}},"14":{"start":{"line":29,"column":4},"end":{"line":29,"column":41}},"15":{"start":{"line":32,"column":2},"end":{"line":32,"column":20}},"16":{"start":{"line":37,"column":13},"end":{"line":45,"column":2}},"17":{"start":{"line":38,"column":21},"end":{"line":38,"column":null}},"18":{"start":{"line":40,"column":4},"end":{"line":43,"column":null}},"19":{"start":{"line":44,"column":20},"end":{"line":44,"column":null}},"20":{"start":{"line":49,"column":13},"end":{"line":67,"column":2}},"21":{"start":{"line":60,"column":4},"end":{"line":63,"column":null}},"22":{"start":{"line":64,"column":16},"end":{"line":64,"column":null}},"23":{"start":{"line":66,"column":4},"end":{"line":66,"column":null}},"24":{"start":{"line":71,"column":13},"end":{"line":78,"column":2}},"25":{"start":{"line":73,"column":4},"end":{"line":75,"column":null}},"26":{"start":{"line":76,"column":21},"end":{"line":76,"column":null}},"27":{"start":{"line":77,"column":20},"end":{"line":77,"column":null}},"28":{"start":{"line":82,"column":13},"end":{"line":95,"column":2}},"29":{"start":{"line":84,"column":19},"end":{"line":84,"column":91}},"30":{"start":{"line":84,"column":42},"end":{"line":84,"column":81}},"31":{"start":{"line":85,"column":4},"end":{"line":85,"column":87}},"32":{"start":{"line":88,"column":19},"end":{"line":88,"column":91}},"33":{"start":{"line":88,"column":42},"end":{"line":88,"column":81}},"34":{"start":{"line":89,"column":4},"end":{"line":89,"column":68}},"35":{"start":{"line":92,"column":4},"end":{"line":94,"column":null}},"36":{"start":{"line":99,"column":13},"end":{"line":112,"column":2}},"37":{"start":{"line":100,"column":14},"end":{"line":100,"column":null}},"38":{"start":{"line":101,"column":23},"end":{"line":101,"column":null}},"39":{"start":{"line":102,"column":25},"end":{"line":102,"column":null}},"40":{"start":{"line":103,"column":24},"end":{"line":103,"column":null}},"41":{"start":{"line":104,"column":25},"end":{"line":104,"column":null}},"42":{"start":{"line":105,"column":26},"end":{"line":105,"column":null}},"43":{"start":{"line":107,"column":4},"end":{"line":110,"column":null}},"44":{"start":{"line":111,"column":26},"end":{"line":111,"column":null}},"45":{"start":{"line":116,"column":13},"end":{"line":129,"column":2}},"46":{"start":{"line":117,"column":14},"end":{"line":117,"column":null}},"47":{"start":{"line":118,"column":18},"end":{"line":118,"column":null}},"48":{"start":{"line":120,"column":4},"end":{"line":123,"column":null}},"49":{"start":{"line":124,"column":19},"end":{"line":124,"column":null}},"50":{"start":{"line":126,"column":4},"end":{"line":128,"column":null}},"51":{"start":{"line":133,"column":13},"end":{"line":152,"column":2}},"52":{"start":{"line":134,"column":16},"end":{"line":134,"column":null}},"53":{"start":{"line":135,"column":24},"end":{"line":135,"column":null}},"54":{"start":{"line":137,"column":4},"end":{"line":140,"column":null}},"55":{"start":{"line":141,"column":23},"end":{"line":141,"column":null}},"56":{"start":{"line":143,"column":4},"end":{"line":146,"column":null}},"57":{"start":{"line":147,"column":23},"end":{"line":147,"column":null}},"58":{"start":{"line":149,"column":4},"end":{"line":149,"column":null}},"59":{"start":{"line":151,"column":4},"end":{"line":151,"column":null}},"60":{"start":{"line":156,"column":13},"end":{"line":186,"column":2}},"61":{"start":{"line":158,"column":4},"end":{"line":165,"column":null}},"62":{"start":{"line":166,"column":19},"end":{"line":166,"column":null}},"63":{"start":{"line":168,"column":4},"end":{"line":171,"column":null}},"64":{"start":{"line":172,"column":20},"end":{"line":172,"column":null}},"65":{"start":{"line":173,"column":21},"end":{"line":173,"column":null}},"66":{"start":{"line":174,"column":17},"end":{"line":174,"column":null}},"67":{"start":{"line":176,"column":4},"end":{"line":179,"column":null}},"68":{"start":{"line":180,"column":15},"end":{"line":180,"column":null}},"69":{"start":{"line":181,"column":16},"end":{"line":181,"column":null}},"70":{"start":{"line":182,"column":15},"end":{"line":182,"column":null}},"71":{"start":{"line":183,"column":19},"end":{"line":183,"column":null}},"72":{"start":{"line":185,"column":4},"end":{"line":185,"column":null}},"73":{"start":{"line":190,"column":13},"end":{"line":192,"column":2}},"74":{"start":{"line":191,"column":15},"end":{"line":191,"column":null}}},"fnMap":{"0":{"name":"(anonymous_21)","decl":{"start":{"line":7,"column":0},"end":{"line":7,"column":23}},"loc":{"start":{"line":7,"column":0},"end":{"line":15,"column":null}}},"1":{"name":"ApiError","decl":{"start":{"line":8,"column":2},"end":{"line":8,"column":null}},"loc":{"start":{"line":10,"column":19},"end":{"line":14,"column":3}}},"2":{"name":"request","decl":{"start":{"line":17,"column":15},"end":{"line":17,"column":22}},"loc":{"start":{"line":17,"column":61},"end":{"line":33,"column":null}}},"3":{"name":"(anonymous_26)","decl":{"start":{"line":28,"column":40},"end":{"line":28,"column":46}},"loc":{"start":{"line":28,"column":40},"end":{"line":28,"column":61}}},"4":{"name":"(anonymous_27)","decl":{"start":{"line":38,"column":15},"end":{"line":38,"column":21}},"loc":{"start":{"line":38,"column":15},"end":{"line":38,"column":28}}},"5":{"name":"(anonymous_28)","decl":{"start":{"line":39,"column":12},"end":{"line":39,"column":13}},"loc":{"start":{"line":39,"column":33},"end":{"line":40,"column":11}}},"6":{"name":"(anonymous_29)","decl":{"start":{"line":44,"column":14},"end":{"line":44,"column":20}},"loc":{"start":{"line":44,"column":14},"end":{"line":44,"column":27}}},"7":{"name":"(anonymous_30)","decl":{"start":{"line":50,"column":9},"end":{"line":50,"column":10}},"loc":{"start":{"line":59,"column":3},"end":{"line":60,"column":11}}},"8":{"name":"(anonymous_31)","decl":{"start":{"line":64,"column":10},"end":{"line":64,"column":16}},"loc":{"start":{"line":64,"column":10},"end":{"line":64,"column":23}}},"9":{"name":"(anonymous_32)","decl":{"start":{"line":65,"column":10},"end":{"line":65,"column":11}},"loc":{"start":{"line":65,"column":43},"end":{"line":66,"column":11}}},"10":{"name":"(anonymous_33)","decl":{"start":{"line":72,"column":16},"end":{"line":72,"column":null}},"loc":{"start":{"line":72,"column":16},"end":{"line":73,"column":11}}},"11":{"name":"(anonymous_34)","decl":{"start":{"line":76,"column":15},"end":{"line":76,"column":21}},"loc":{"start":{"line":76,"column":15},"end":{"line":76,"column":28}}},"12":{"name":"(anonymous_35)","decl":{"start":{"line":77,"column":14},"end":{"line":77,"column":20}},"loc":{"start":{"line":77,"column":14},"end":{"line":77,"column":27}}},"13":{"name":"(anonymous_36)","decl":{"start":{"line":83,"column":12},"end":{"line":83,"column":13}},"loc":{"start":{"line":83,"column":34},"end":{"line":86,"column":3}}},"14":{"name":"(anonymous_37)","decl":{"start":{"line":84,"column":35},"end":{"line":84,"column":36}},"loc":{"start":{"line":84,"column":37},"end":{"line":84,"column":57}}},"15":{"name":"(anonymous_38)","decl":{"start":{"line":87,"column":10},"end":{"line":87,"column":11}},"loc":{"start":{"line":87,"column":32},"end":{"line":90,"column":3}}},"16":{"name":"(anonymous_39)","decl":{"start":{"line":88,"column":35},"end":{"line":88,"column":36}},"loc":{"start":{"line":88,"column":37},"end":{"line":88,"column":57}}},"17":{"name":"(anonymous_40)","decl":{"start":{"line":91,"column":17},"end":{"line":91,"column":18}},"loc":{"start":{"line":91,"column":75},"end":{"line":92,"column":11}}},"18":{"name":"(anonymous_41)","decl":{"start":{"line":100,"column":8},"end":{"line":100,"column":14}},"loc":{"start":{"line":100,"column":8},"end":{"line":100,"column":21}}},"19":{"name":"(anonymous_42)","decl":{"start":{"line":101,"column":7},"end":{"line":101,"column":8}},"loc":{"start":{"line":101,"column":18},"end":{"line":101,"column":30}}},"20":{"name":"(anonymous_43)","decl":{"start":{"line":102,"column":9},"end":{"line":102,"column":10}},"loc":{"start":{"line":102,"column":20},"end":{"line":102,"column":32}}},"21":{"name":"(anonymous_44)","decl":{"start":{"line":103,"column":8},"end":{"line":103,"column":9}},"loc":{"start":{"line":103,"column":19},"end":{"line":103,"column":31}}},"22":{"name":"(anonymous_45)","decl":{"start":{"line":104,"column":9},"end":{"line":104,"column":10}},"loc":{"start":{"line":104,"column":20},"end":{"line":104,"column":32}}},"23":{"name":"(anonymous_46)","decl":{"start":{"line":105,"column":10},"end":{"line":105,"column":11}},"loc":{"start":{"line":105,"column":21},"end":{"line":105,"column":33}}},"24":{"name":"(anonymous_47)","decl":{"start":{"line":106,"column":16},"end":{"line":106,"column":17}},"loc":{"start":{"line":106,"column":60},"end":{"line":107,"column":11}}},"25":{"name":"(anonymous_48)","decl":{"start":{"line":111,"column":10},"end":{"line":111,"column":11}},"loc":{"start":{"line":111,"column":21},"end":{"line":111,"column":33}}},"26":{"name":"(anonymous_49)","decl":{"start":{"line":117,"column":8},"end":{"line":117,"column":14}},"loc":{"start":{"line":117,"column":8},"end":{"line":117,"column":21}}},"27":{"name":"(anonymous_50)","decl":{"start":{"line":118,"column":12},"end":{"line":118,"column":18}},"loc":{"start":{"line":118,"column":12},"end":{"line":118,"column":25}}},"28":{"name":"(anonymous_51)","decl":{"start":{"line":119,"column":12},"end":{"line":119,"column":13}},"loc":{"start":{"line":119,"column":25},"end":{"line":120,"column":11}}},"29":{"name":"(anonymous_52)","decl":{"start":{"line":124,"column":13},"end":{"line":124,"column":19}},"loc":{"start":{"line":124,"column":13},"end":{"line":124,"column":26}}},"30":{"name":"(anonymous_53)","decl":{"start":{"line":125,"column":10},"end":{"line":125,"column":11}},"loc":{"start":{"line":125,"column":23},"end":{"line":126,"column":11}}},"31":{"name":"(anonymous_54)","decl":{"start":{"line":134,"column":10},"end":{"line":134,"column":16}},"loc":{"start":{"line":134,"column":10},"end":{"line":134,"column":23}}},"32":{"name":"(anonymous_55)","decl":{"start":{"line":135,"column":7},"end":{"line":135,"column":8}},"loc":{"start":{"line":135,"column":19},"end":{"line":135,"column":31}}},"33":{"name":"(anonymous_56)","decl":{"start":{"line":136,"column":7},"end":{"line":136,"column":8}},"loc":{"start":{"line":136,"column":34},"end":{"line":137,"column":11}}},"34":{"name":"(anonymous_57)","decl":{"start":{"line":141,"column":17},"end":{"line":141,"column":23}},"loc":{"start":{"line":141,"column":17},"end":{"line":141,"column":30}}},"35":{"name":"(anonymous_58)","decl":{"start":{"line":142,"column":20},"end":{"line":142,"column":21}},"loc":{"start":{"line":142,"column":66},"end":{"line":143,"column":11}}},"36":{"name":"(anonymous_59)","decl":{"start":{"line":147,"column":17},"end":{"line":147,"column":23}},"loc":{"start":{"line":147,"column":17},"end":{"line":147,"column":30}}},"37":{"name":"(anonymous_60)","decl":{"start":{"line":148,"column":22},"end":{"line":148,"column":null}},"loc":{"start":{"line":148,"column":22},"end":{"line":149,"column":11}}},"38":{"name":"(anonymous_61)","decl":{"start":{"line":150,"column":24},"end":{"line":150,"column":null}},"loc":{"start":{"line":150,"column":24},"end":{"line":151,"column":11}}},"39":{"name":"(anonymous_62)","decl":{"start":{"line":157,"column":17},"end":{"line":157,"column":18}},"loc":{"start":{"line":157,"column":71},"end":{"line":158,"column":11}}},"40":{"name":"(anonymous_63)","decl":{"start":{"line":166,"column":13},"end":{"line":166,"column":19}},"loc":{"start":{"line":166,"column":13},"end":{"line":166,"column":26}}},"41":{"name":"(anonymous_64)","decl":{"start":{"line":167,"column":11},"end":{"line":167,"column":12}},"loc":{"start":{"line":167,"column":24},"end":{"line":168,"column":11}}},"42":{"name":"(anonymous_65)","decl":{"start":{"line":172,"column":14},"end":{"line":172,"column":20}},"loc":{"start":{"line":172,"column":14},"end":{"line":172,"column":27}}},"43":{"name":"(anonymous_66)","decl":{"start":{"line":173,"column":15},"end":{"line":173,"column":21}},"loc":{"start":{"line":173,"column":15},"end":{"line":173,"column":28}}},"44":{"name":"(anonymous_67)","decl":{"start":{"line":174,"column":11},"end":{"line":174,"column":17}},"loc":{"start":{"line":174,"column":11},"end":{"line":174,"column":24}}},"45":{"name":"(anonymous_68)","decl":{"start":{"line":175,"column":12},"end":{"line":175,"column":13}},"loc":{"start":{"line":175,"column":26},"end":{"line":176,"column":11}}},"46":{"name":"(anonymous_69)","decl":{"start":{"line":180,"column":9},"end":{"line":180,"column":15}},"loc":{"start":{"line":180,"column":9},"end":{"line":180,"column":22}}},"47":{"name":"(anonymous_70)","decl":{"start":{"line":181,"column":10},"end":{"line":181,"column":16}},"loc":{"start":{"line":181,"column":10},"end":{"line":181,"column":23}}},"48":{"name":"(anonymous_71)","decl":{"start":{"line":182,"column":9},"end":{"line":182,"column":15}},"loc":{"start":{"line":182,"column":9},"end":{"line":182,"column":22}}},"49":{"name":"(anonymous_72)","decl":{"start":{"line":183,"column":13},"end":{"line":183,"column":19}},"loc":{"start":{"line":183,"column":13},"end":{"line":183,"column":26}}},"50":{"name":"(anonymous_73)","decl":{"start":{"line":184,"column":16},"end":{"line":184,"column":null}},"loc":{"start":{"line":184,"column":16},"end":{"line":185,"column":11}}},"51":{"name":"(anonymous_74)","decl":{"start":{"line":191,"column":9},"end":{"line":191,"column":15}},"loc":{"start":{"line":191,"column":9},"end":{"line":191,"column":22}}}},"branchMap":{"0":{"loc":{"start":{"line":5,"column":17},"end":{"line":5,"column":54}},"type":"binary-expr","locations":[{"start":{"line":5,"column":17},"end":{"line":5,"column":48}},{"start":{"line":5,"column":52},"end":{"line":5,"column":54}}]},"1":{"loc":{"start":{"line":12,"column":4},"end":{"line":12,"column":19}},"type":"binary-expr","locations":[{"start":{"line":12,"column":4},"end":{"line":12,"column":18}},{"start":{"line":12,"column":18},"end":{"line":12,"column":19}}]},"2":{"loc":{"start":{"line":32,"column":2},"end":{"line":32,"column":20}},"type":"switch","locations":[{"start":{"line":32,"column":2},"end":{"line":32,"column":20}}]},"3":{"loc":{"start":{"line":23,"column":9},"end":{"line":23,"column":25}},"type":"cond-expr","locations":[{"start":{"line":23,"column":16},"end":{"line":23,"column":18}},{"start":{"line":23,"column":9},"end":{"line":23,"column":25}}]},"4":{"loc":{"start":{"line":23,"column":9},"end":{"line":23,"column":18}},"type":"binary-expr","locations":[{"start":{"line":23,"column":9},"end":{"line":23,"column":18}},{"start":{"line":23,"column":9},"end":{"line":23,"column":18}}]},"5":{"loc":{"start":{"line":27,"column":6},"end":{"line":27,"column":7}},"type":"if","locations":[{"start":{"line":27,"column":6},"end":{"line":27,"column":7}}]}},"s":{"0":1,"1":1,"2":1,"3":1,"4":1,"5":1,"6":1,"7":25,"8":25,"9":25,"10":49,"11":1,"12":0,"13":1,"14":1,"15":24,"16":1,"17":1,"18":1,"19":1,"20":1,"21":1,"22":1,"23":1,"24":1,"25":1,"26":1,"27":1,"28":1,"29":1,"30":1,"31":1,"32":0,"33":0,"34":0,"35":1,"36":1,"37":1,"38":0,"39":1,"40":1,"41":0,"42":0,"43":1,"44":0,"45":1,"46":1,"47":0,"48":1,"49":0,"50":0,"51":1,"52":0,"53":0,"54":0,"55":1,"56":0,"57":0,"58":1,"59":0,"60":1,"61":1,"62":0,"63":0,"64":0,"65":0,"66":0,"67":1,"68":1,"69":0,"70":1,"71":0,"72":0,"73":1,"74":2},"f":{"0":1,"1":1,"2":25,"3":0,"4":1,"5":1,"6":1,"7":1,"8":1,"9":1,"10":1,"11":1,"12":1,"13":1,"14":1,"15":0,"16":0,"17":1,"18":1,"19":0,"20":1,"21":1,"22":0,"23":0,"24":1,"25":0,"26":1,"27":0,"28":1,"29":0,"30":0,"31":0,"32":0,"33":0,"34":1,"35":0,"36":0,"37":1,"38":0,"39":1,"40":0,"41":0,"42":0,"43":0,"44":0,"45":1,"46":1,"47":0,"48":1,"49":0,"50":0,"51":2},"b":{"0":[1,0],"1":[1,0],"2":[24],"3":[13,12],"4":[25,25],"5":[24]}}
,"/mnt/Local Disk C/web-projects/zerodha-trade/frontend/src/lib/utils.ts": {"path":"/mnt/Local Disk C/web-projects/zerodha-trade/frontend/src/lib/utils.ts","statementMap":{"0":{"start":{"line":4,"column":0},"end":{"line":4,"column":16}},"1":{"start":{"line":8,"column":0},"end":{"line":8,"column":16}},"2":{"start":{"line":16,"column":0},"end":{"line":16,"column":16}},"3":{"start":{"line":21,"column":0},"end":{"line":21,"column":16}},"4":{"start":{"line":28,"column":0},"end":{"line":28,"column":16}},"5":{"start":{"line":1,"column":0},"end":{"line":1,"column":45}},"6":{"start":{"line":2,"column":0},"end":{"line":2,"column":41}},"7":{"start":{"line":4,"column":19},"end":{"line":4,"column":42}},"8":{"start":{"line":5,"column":2},"end":{"line":5,"column":31}},"9":{"start":{"line":9,"column":2},"end":{"line":13,"column":19}},"10":{"start":{"line":17,"column":17},"end":{"line":17,"column":38}},"11":{"start":{"line":18,"column":2},"end":{"line":18,"column":45}},"12":{"start":{"line":21,"column":44},"end":{"line":21,"column":null}},"13":{"start":{"line":22,"column":2},"end":{"line":25,"column":19}},"14":{"start":{"line":29,"column":17},"end":{"line":29,"column":38}},"15":{"start":{"line":30,"column":2},"end":{"line":30,"column":41}}},"fnMap":{"0":{"name":"cn","decl":{"start":{"line":4,"column":16},"end":{"line":4,"column":18}},"loc":{"start":{"line":4,"column":18},"end":{"line":6,"column":1}}},"1":{"name":"formatCurrency","decl":{"start":{"line":8,"column":16},"end":{"line":8,"column":30}},"loc":{"start":{"line":8,"column":44},"end":{"line":14,"column":1}}},"2":{"name":"formatPnl","decl":{"start":{"line":16,"column":16},"end":{"line":16,"column":25}},"loc":{"start":{"line":16,"column":39},"end":{"line":19,"column":1}}},"3":{"name":"formatNumber","decl":{"start":{"line":21,"column":16},"end":{"line":21,"column":28}},"loc":{"start":{"line":21,"column":56},"end":{"line":26,"column":1}}},"4":{"name":"formatPercent","decl":{"start":{"line":28,"column":16},"end":{"line":28,"column":29}},"loc":{"start":{"line":28,"column":43},"end":{"line":31,"column":1}}}},"branchMap":{"0":{"loc":{"start":{"line":17,"column":17},"end":{"line":17,"column":38}},"type":"cond-expr","locations":[{"start":{"line":17,"column":30},"end":{"line":17,"column":33}},{"start":{"line":17,"column":36},"end":{"line":17,"column":38}}]},"1":{"loc":{"start":{"line":21,"column":44},"end":{"line":21,"column":null}},"type":"if","locations":[{"start":{"line":21,"column":44},"end":{"line":21,"column":null}}]},"2":{"loc":{"start":{"line":29,"column":17},"end":{"line":29,"column":38}},"type":"cond-expr","locations":[{"start":{"line":29,"column":30},"end":{"line":29,"column":33}},{"start":{"line":29,"column":36},"end":{"line":29,"column":38}}]}},"s":{"0":2,"1":2,"2":2,"3":2,"4":2,"5":2,"6":2,"7":129,"8":30,"9":7,"10":3,"11":3,"12":3,"13":2,"14":3,"15":3},"f":{"0":30,"1":7,"2":3,"3":2,"4":3},"b":{"0":[2,1],"1":[1],"2":[2,1]}}
}
