TN:
SF:src/app/page.tsx
FN:6,DashboardPage
FN:31,MetricCard
FN:50,(anonymous_2)
FN:70,PositionsPanel
FN:81,(anonymous_4)
FN:110,OrdersPanel
FN:122,(anonymous_6)
FN:149,StatusBadge
FN:161,RiskPanel
FNF:9
FNH:0
FNDA:0,DashboardPage
FNDA:0,MetricCard
FNDA:0,(anonymous_2)
FNDA:0,PositionsPanel
FNDA:0,(anonymous_4)
FNDA:0,OrdersPanel
FNDA:0,(anonymous_6)
FNDA:0,StatusBadge
FNDA:0,RiskPanel
DA:3,0
DA:4,0
DA:6,0
DA:7,0
DA:31,0
DA:32,0
DA:33,0
DA:34,0
DA:36,0
DA:37,0
DA:39,0
DA:41,0
DA:42,0
DA:43,0
DA:45,0
DA:47,0
DA:48,0
DA:50,0
DA:51,0
DA:53,0
DA:54,0
DA:55,0
DA:57,0
DA:60,0
DA:71,0
DA:73,0
DA:81,0
DA:111,0
DA:112,0
DA:114,0
DA:122,0
DA:149,0
DA:150,0
DA:158,0
DA:162,0
DA:164,0
DA:166,0
DA:170,0
LF:38
LH:0
BRDA:39,0,0,0
BRDA:39,0,1,0
BRDA:39,0,2,0
BRDA:39,0,3,0
BRDA:41,1,0,0
BRDA:43,2,0,0
BRDA:43,2,1,0
BRDA:47,3,0,0
BRDA:47,3,1,0
BRDA:47,4,0,0
BRDA:47,4,1,0
BRDA:47,5,0,0
BRDA:47,5,1,0
BRDA:47,6,0,0
BRDA:47,6,1,0
BRDA:47,7,0,0
BRDA:47,7,1,0
BRDA:47,8,0,0
BRDA:47,8,1,0
BRDA:47,9,0,0
BRDA:47,9,1,0
BRDA:47,10,0,0
BRDA:47,10,1,0
BRDA:50,11,0,0
BRDA:50,11,1,0
BRDA:50,12,0,0
BRDA:50,12,1,0
BRDA:50,13,0,0
BRDA:50,13,1,0
BRDA:50,14,0,0
BRDA:50,14,1,0
BRDA:53,15,0,0
BRDA:54,16,0,0
BRDA:54,16,1,0
BRDA:55,17,0,0
BRDA:55,17,1,0
BRDA:76,18,0,0
BRDA:76,18,1,0
BRDA:77,19,0,0
BRDA:77,19,1,0
BRDA:77,19,2,0
BRDA:77,20,0,0
BRDA:77,20,1,0
BRDA:77,21,0,0
BRDA:77,21,1,0
BRDA:81,22,0,0
BRDA:81,22,1,0
BRDA:81,23,0,0
BRDA:81,23,1,0
BRDA:81,24,0,0
BRDA:81,24,1,0
BRDA:81,25,0,0
BRDA:81,25,1,0
BRDA:97,26,0,0
BRDA:97,26,1,0
BRDA:112,27,0,0
BRDA:112,27,1,0
BRDA:112,28,0,0
BRDA:112,28,1,0
BRDA:112,29,0,0
BRDA:112,29,1,0
BRDA:112,30,0,0
BRDA:112,30,1,0
BRDA:117,31,0,0
BRDA:117,31,1,0
BRDA:118,32,0,0
BRDA:118,32,1,0
BRDA:118,32,2,0
BRDA:131,33,0,0
BRDA:131,33,1,0
BRDA:158,34,0,0
BRDA:158,34,1,0
BRDA:164,35,0,0
BRDA:166,36,0,0
BRDA:166,36,1,0
BRDA:180,37,0,0
BRDA:180,37,1,0
BRDA:180,38,0,0
BRDA:180,38,1,0
BRDA:198,39,0,0
BRDA:198,39,1,0
BRDA:199,40,0,0
BRDA:199,40,1,0
BRF:83
BRH:0
end_of_record
TN:
SF:src/app/mock/page.tsx
FN:8,MockPage
FN:21,(anonymous_14)
FN:26,(anonymous_15)
FN:49,CreateSessionForm
FN:54,(anonymous_17)
FN:54,(anonymous_18)
FN:68,(anonymous_20)
FN:77,(anonymous_21)
FN:86,(anonymous_22)
FN:97,SessionOverview
FN:130,TimeControls
FN:157,(anonymous_25)
FN:163,(anonymous_28)
FN:169,(anonymous_31)
FN:179,(anonymous_34)
FN:186,(anonymous_37)
FN:192,(anonymous_40)
FN:196,(anonymous_41)
FN:208,(anonymous_44)
FN:213,(anonymous_45)
FN:222,(anonymous_48)
FN:231,MockPositions
FNF:22
FNH:0
FNDA:0,MockPage
FNDA:0,(anonymous_14)
FNDA:0,(anonymous_15)
FNDA:0,CreateSessionForm
FNDA:0,(anonymous_17)
FNDA:0,(anonymous_18)
FNDA:0,(anonymous_20)
FNDA:0,(anonymous_21)
FNDA:0,(anonymous_22)
FNDA:0,SessionOverview
FNDA:0,TimeControls
FNDA:0,(anonymous_25)
FNDA:0,(anonymous_28)
FNDA:0,(anonymous_31)
FNDA:0,(anonymous_34)
FNDA:0,(anonymous_37)
FNDA:0,(anonymous_40)
FNDA:0,(anonymous_41)
FNDA:0,(anonymous_44)
FNDA:0,(anonymous_45)
FNDA:0,(anonymous_48)
FNDA:0,MockPositions
DA:3,0
DA:4,0
DA:5,0
DA:6,0
DA:8,0
DA:9,0
DA:10,0
DA:12,0
DA:21,0
DA:26,0
DA:49,0
DA:50,0
DA:51,0
DA:52,0
DA:54,0
DA:55,0
DA:56,0
DA:57,0
DA:60,0
DA:68,0
DA:77,0
DA:86,0
DA:97,0
DA:98,0
DA:130,0
DA:131,0
DA:132,0
DA:137,0
DA:139,0
DA:157,0
DA:163,0
DA:169,0
DA:179,0
DA:186,0
DA:192,0
DA:196,0
DA:208,0
DA:213,0
DA:222,0
DA:232,0
DA:234,0
LF:41
LH:0
BRDA:26,0,0,0
BRDA:26,0,1,0
BRDA:28,1,0,0
BRDA:28,1,1,0
BRDA:36,2,0,0
BRDA:36,2,1,0
BRDA:36,2,2,0
BRDA:56,3,0,0
BRDA:56,3,1,0
BRDA:56,4,0,0
BRDA:56,4,1,0
BRDA:106,5,0,0
BRDA:106,5,1,0
BRDA:118,6,0,0
BRDA:118,6,1,0
BRDA:119,7,0,0
BRDA:119,7,1,0
BRDA:157,8,0,0
BRDA:163,9,0,0
BRDA:169,10,0,0
BRDA:176,11,0,0
BRDA:176,11,1,0
BRDA:179,12,0,0
BRDA:186,13,0,0
BRDA:195,14,0,0
BRDA:195,14,1,0
BRDA:196,15,0,0
BRDA:213,16,0,0
BRDA:222,17,0,0
BRDA:240,18,0,0
BRDA:240,18,1,0
BRDA:240,19,0,0
BRDA:240,19,1,0
BRDA:240,20,0,0
BRDA:240,20,1,0
BRDA:240,21,0,0
BRDA:240,21,1,0
BRDA:244,22,0,0
BRDA:244,22,1,0
BRDA:244,23,0,0
BRDA:244,23,1,0
BRDA:244,24,0,0
BRDA:244,24,1,0
BRDA:244,25,0,0
BRDA:244,25,1,0
BRDA:248,26,0,0
BRDA:248,26,1,0
BRDA:248,27,0,0
BRDA:248,27,1,0
BRDA:248,28,0,0
BRDA:248,28,1,0
BRDA:248,29,0,0
BRDA:248,29,1,0
BRDA:248,30,0,0
BRDA:248,30,1,0
BRDA:249,31,0,0
BRDA:249,31,1,0
BRDA:249,32,0,0
BRDA:249,32,1,0
BRDA:249,33,0,0
BRDA:249,33,1,0
BRDA:249,34,0,0
BRDA:249,34,1,0
BRF:63
BRH:0
end_of_record
TN:
SF:src/app/orders/page.tsx
FN:8,OrdersPage
FN:19,(anonymous_16)
FN:24,(anonymous_17)
FN:47,(anonymous_18)
FN:75,(anonymous_19)
FN:93,PlaceOrderForm
FN:104,(anonymous_23)
FN:104,(anonymous_24)
FN:117,(anonymous_26)
FN:127,(anonymous_27)
FN:140,(anonymous_28)
FN:148,(anonymous_29)
FN:164,(anonymous_30)
FN:176,StatusBadge
FNF:14
FNH:0
FNDA:0,OrdersPage
FNDA:0,(anonymous_16)
FNDA:0,(anonymous_17)
FNDA:0,(anonymous_18)
FNDA:0,(anonymous_19)
FNDA:0,PlaceOrderForm
FNDA:0,(anonymous_23)
FNDA:0,(anonymous_24)
FNDA:0,(anonymous_26)
FNDA:0,(anonymous_27)
FNDA:0,(anonymous_28)
FNDA:0,(anonymous_29)
FNDA:0,(anonymous_30)
FNDA:0,StatusBadge
DA:3,0
DA:4,0
DA:5,0
DA:6,0
DA:8,0
DA:9,0
DA:10,0
DA:12,0
DA:19,0
DA:24,0
DA:47,0
DA:75,0
DA:76,0
DA:77,0
DA:93,0
DA:94,0
DA:104,0
DA:105,0
DA:106,0
DA:107,0
DA:110,0
DA:117,0
DA:127,0
DA:140,0
DA:148,0
DA:164,0
DA:176,0
DA:177,0
DA:184,0
LF:29
LH:0
BRDA:24,0,0,0
BRDA:24,0,1,0
BRDA:41,1,0,0
BRDA:41,1,1,0
BRDA:44,2,0,0
BRDA:44,2,1,0
BRDA:44,3,0,0
BRDA:44,3,1,0
BRDA:44,4,0,0
BRDA:44,4,1,0
BRDA:47,5,0,0
BRDA:47,5,1,0
BRDA:47,6,0,0
BRDA:47,6,1,0
BRDA:56,7,0,0
BRDA:56,7,1,0
BRDA:63,8,0,0
BRDA:63,8,1,0
BRDA:63,9,0,0
BRDA:63,9,1,0
BRDA:63,10,0,0
BRDA:63,10,1,0
BRDA:63,11,0,0
BRDA:63,11,1,0
BRDA:69,12,0,0
BRDA:69,12,1,0
BRDA:72,13,0,0
BRDA:72,13,1,0
BRDA:72,13,2,0
BRDA:76,14,0,0
BRDA:140,15,0,0
BRDA:140,15,1,0
BRDA:156,16,0,0
BRDA:156,16,1,0
BRDA:163,17,0,0
BRDA:163,17,1,0
BRDA:163,18,0,0
BRDA:163,18,1,0
BRDA:164,19,0,0
BRDA:164,19,1,0
BRDA:184,20,0,0
BRDA:184,20,1,0
BRF:42
BRH:0
end_of_record
TN:
SF:src/app/portfolio/page.tsx
FN:6,PortfolioPage
FN:24,MarginsOverview
FN:53,PositionsTable
FN:55,(anonymous_3)
FN:82,(anonymous_4)
FN:104,HoldingsTable
FN:130,(anonymous_6)
FNF:7
FNH:0
FNDA:0,PortfolioPage
FNDA:0,MarginsOverview
FNDA:0,PositionsTable
FNDA:0,(anonymous_3)
FNDA:0,(anonymous_4)
FNDA:0,HoldingsTable
FNDA:0,(anonymous_6)
DA:3,0
DA:4,0
DA:6,0
DA:7,0
DA:25,0
DA:27,0
DA:29,0
DA:54,0
DA:55,0
DA:57,0
DA:82,0
DA:105,0
DA:107,0
DA:130,0
LF:14
LH:0
BRDA:27,0,0,0
BRDA:31,1,0,0
BRDA:31,1,1,0
BRDA:55,2,0,0
BRDA:55,2,1,0
BRDA:55,3,0,0
BRDA:55,3,1,0
BRDA:55,4,0,0
BRDA:55,4,1,0
BRDA:55,5,0,0
BRDA:55,5,1,0
BRDA:55,6,0,0
BRDA:55,6,1,0
BRDA:55,7,0,0
BRDA:55,7,1,0
BRDA:61,8,0,0
BRDA:61,8,1,0
BRDA:76,9,0,0
BRDA:76,9,1,0
BRDA:79,10,0,0
BRDA:79,10,1,0
BRDA:79,11,0,0
BRDA:79,11,1,0
BRDA:79,12,0,0
BRDA:79,12,1,0
BRDA:79,13,0,0
BRDA:79,13,1,0
BRDA:79,14,0,0
BRDA:79,14,1,0
BRDA:82,15,0,0
BRDA:82,15,1,0
BRDA:82,16,0,0
BRDA:82,16,1,0
BRDA:82,17,0,0
BRDA:82,17,1,0
BRDA:82,18,0,0
BRDA:82,18,1,0
BRDA:88,19,0,0
BRDA:88,19,1,0
BRDA:93,20,0,0
BRDA:93,20,1,0
BRDA:124,21,0,0
BRDA:124,21,1,0
BRDA:127,22,0,0
BRDA:127,22,1,0
BRDA:127,23,0,0
BRDA:127,23,1,0
BRDA:127,24,0,0
BRDA:127,24,1,0
BRDA:130,25,0,0
BRDA:130,25,1,0
BRDA:130,26,0,0
BRDA:130,26,1,0
BRDA:139,27,0,0
BRDA:139,27,1,0
BRDA:142,28,0,0
BRDA:142,28,1,0
BRDA:142,29,0,0
BRDA:142,29,1,0
BRDA:142,30,0,0
BRDA:142,30,1,0
BRDA:143,31,0,0
BRDA:143,31,1,0
BRDA:143,32,0,0
BRDA:143,32,1,0
BRF:65
BRH:0
end_of_record
TN:
SF:src/app/providers/page.tsx
FN:7,ProvidersPage
FN:21,(anonymous_14)
FN:30,(anonymous_17)
FN:49,(anonymous_18)
FN:59,(anonymous_21)
FNF:5
FNH:0
FNDA:0,ProvidersPage
FNDA:0,(anonymous_14)
FNDA:0,(anonymous_17)
FNDA:0,(anonymous_18)
FNDA:0,(anonymous_21)
DA:3,0
DA:4,0
DA:5,0
DA:7,0
DA:8,0
DA:10,0
DA:21,0
DA:30,0
DA:49,0
DA:50,0
DA:51,0
DA:59,0
DA:60,0
DA:61,0
LF:14
LH:0
BRDA:21,0,0,0
BRDA:27,1,0,0
BRDA:27,1,1,0
BRDA:30,2,0,0
BRDA:30,2,1,0
BRDA:30,3,0,0
BRDA:30,3,1,0
BRDA:31,4,0,0
BRDA:31,4,1,0
BRDA:37,5,0,0
BRDA:37,5,1,0
BRDA:42,6,0,0
BRDA:42,6,1,0
BRDA:46,7,0,0
BRDA:46,7,1,0
BRDA:50,8,0,0
BRDA:60,9,0,0
BRDA:61,10,0,0
BRDA:61,10,1,0
BRDA:71,11,0,0
BRDA:71,11,1,0
BRDA:71,12,0,0
BRDA:71,12,1,0
BRDA:71,13,0,0
BRDA:71,13,1,0
BRF:25
BRH:0
end_of_record
TN:
SF:src/app/settings/page.tsx
FN:8,SettingsPage
FN:22,KillSwitchPanel
FN:39,(anonymous_17)
FN:46,(anonymous_20)
FN:56,RiskLimitsPanel
FN:61,(anonymous_24)
FN:76,(anonymous_25)
FN:98,(anonymous_28)
FN:105,(anonymous_29)
FNF:9
FNH:0
FNDA:0,SettingsPage
FNDA:0,KillSwitchPanel
FNDA:0,(anonymous_17)
FNDA:0,(anonymous_20)
FNDA:0,RiskLimitsPanel
FNDA:0,(anonymous_24)
FNDA:0,(anonymous_25)
FNDA:0,(anonymous_28)
FNDA:0,(anonymous_29)
DA:3,0
DA:4,0
DA:5,0
DA:6,0
DA:8,0
DA:9,0
DA:22,0
DA:23,0
DA:25,0
DA:27,0
DA:39,0
DA:46,0
DA:56,0
DA:57,0
DA:58,0
DA:59,0
DA:61,0
DA:62,0
DA:63,0
DA:76,0
DA:77,0
DA:78,0
DA:79,0
DA:80,0
DA:83,0
DA:94,0
DA:98,0
DA:105,0
LF:28
LH:0
BRDA:25,0,0,0
BRDA:28,1,0,0
BRDA:28,1,1,0
BRDA:36,2,0,0
BRDA:36,2,1,0
BRDA:39,3,0,0
BRDA:46,4,0,0
BRDA:62,5,0,0
BRDA:104,6,0,0
BRDA:104,6,1,0
BRDA:104,7,0,0
BRDA:104,7,1,0
BRDA:112,8,0,0
BRDA:112,8,1,0
BRF:14
BRH:0
end_of_record
TN:
SF:src/app/strategies/page.tsx
FN:7,StrategiesPage
FN:29,(anonymous_14)
FN:68,(anonymous_15)
FN:76,(anonymous_18)
FN:82,(anonymous_21)
FN:91,(anonymous_24)
FN:97,(anonymous_27)
FN:111,StateBadge
FNF:8
FNH:0
FNDA:0,StrategiesPage
FNDA:0,(anonymous_14)
FNDA:0,(anonymous_15)
FNDA:0,(anonymous_18)
FNDA:0,(anonymous_21)
FNDA:0,(anonymous_24)
FNDA:0,(anonymous_27)
FNDA:0,StateBadge
DA:3,0
DA:4,0
DA:5,0
DA:7,0
DA:8,0
DA:10,0
DA:29,0
DA:68,0
DA:76,0
DA:82,0
DA:91,0
DA:97,0
DA:111,0
DA:112,0
DA:119,0
LF:15
LH:0
BRDA:17,0,0,0
BRDA:17,0,1,0
BRDA:19,1,0,0
BRDA:19,1,1,0
BRDA:19,2,0,0
BRDA:19,2,1,0
BRDA:19,3,0,0
BRDA:19,3,1,0
BRDA:29,4,0,0
BRDA:29,4,1,0
BRDA:29,5,0,0
BRDA:29,5,1,0
BRDA:51,6,0,0
BRDA:51,6,1,0
BRDA:58,7,0,0
BRDA:58,7,1,0
BRDA:65,8,0,0
BRDA:65,8,1,0
BRDA:65,9,0,0
BRDA:65,9,1,0
BRDA:68,10,0,0
BRDA:72,11,0,0
BRDA:72,11,1,0
BRDA:76,12,0,0
BRDA:82,13,0,0
BRDA:87,14,0,0
BRDA:87,14,1,0
BRDA:91,15,0,0
BRDA:97,16,0,0
BRDA:119,17,0,0
BRDA:119,17,1,0
BRF:31
BRH:0
end_of_record
TN:
SF:src/components/dashboard/PlaceOrderForm.tsx
FN:16,PlaceOrderForm
FN:27,(anonymous_16)
FN:27,(anonymous_17)
FN:39,(anonymous_19)
FN:46,(anonymous_20)
FN:57,(anonymous_21)
FN:62,(anonymous_22)
FN:76,(anonymous_23)
FNF:8
FNH:0
FNDA:0,PlaceOrderForm
FNDA:0,(anonymous_16)
FNDA:0,(anonymous_17)
FNDA:0,(anonymous_19)
FNDA:0,(anonymous_20)
FNDA:0,(anonymous_21)
FNDA:0,(anonymous_22)
FNDA:0,(anonymous_23)
DA:6,0
DA:7,0
DA:8,0
DA:9,0
DA:10,0
DA:16,0
DA:17,0
DA:27,0
DA:28,0
DA:29,0
DA:30,0
DA:33,0
DA:39,0
DA:46,0
DA:57,0
DA:62,0
DA:77,0
LF:17
LH:0
BRDA:57,0,0,0
BRDA:57,0,1,0
BRDA:70,1,0,0
BRDA:70,1,1,0
BRDA:75,2,0,0
BRDA:75,2,1,0
BRDA:75,3,0,0
BRDA:75,3,1,0
BRDA:77,4,0,0
BRDA:77,4,1,0
BRF:10
BRH:0
end_of_record
TN:
SF:src/components/dashboard/RiskPanel.tsx
FN:11,RiskPanel
FNF:1
FNH:0
FNDA:0,RiskPanel
DA:6,0
DA:7,0
DA:8,0
DA:9,0
DA:11,0
DA:12,0
DA:14,0
DA:17,0
DA:21,0
LF:9
LH:0
BRDA:14,0,0,0
BRDA:17,1,0,0
BRDA:17,1,1,0
BRDA:45,2,0,0
BRDA:45,2,1,0
BRDA:48,3,0,0
BRDA:48,3,1,0
BRF:7
BRH:0
end_of_record
TN:
SF:src/components/dashboard/index.ts
FN:1,(anonymous_0)
FN:2,(anonymous_1)
FNF:2
FNH:0
FNDA:0,(anonymous_0)
FNDA:0,(anonymous_1)
DA:1,0
DA:2,0
LF:2
LH:0
BRF:0
BRH:0
end_of_record
TN:
SF:src/components/mock/CreateSessionForm.tsx
FN:16,CreateSessionForm
FN:21,(anonymous_14)
FN:21,(anonymous_15)
FN:38,(anonymous_17)
FN:44,(anonymous_18)
FN:50,(anonymous_19)
FNF:6
FNH:0
FNDA:0,CreateSessionForm
FNDA:0,(anonymous_14)
FNDA:0,(anonymous_15)
FNDA:0,(anonymous_17)
FNDA:0,(anonymous_18)
FNDA:0,(anonymous_19)
DA:6,0
DA:7,0
DA:8,0
DA:9,0
DA:10,0
DA:16,0
DA:17,0
DA:18,0
DA:19,0
DA:21,0
DA:22,0
DA:23,0
DA:28,0
DA:31,0
DA:38,0
DA:44,0
DA:50,0
LF:17
LH:0
BRDA:25,0,0,0
BRDA:25,0,1,0
BRDA:26,1,0,0
BRDA:26,1,1,0
BRF:4
BRH:0
end_of_record
TN:
SF:src/components/mock/TimeControls.tsx
FN:19,TimeControls
FN:37,(anonymous_14)
FN:44,(anonymous_17)
FN:51,(anonymous_20)
FN:61,(anonymous_23)
FN:69,(anonymous_26)
FN:75,(anonymous_29)
FN:83,(anonymous_30)
FN:95,(anonymous_33)
FN:101,(anonymous_34)
FN:111,(anonymous_37)
FNF:11
FNH:0
FNDA:0,TimeControls
FNDA:0,(anonymous_14)
FNDA:0,(anonymous_17)
FNDA:0,(anonymous_20)
FNDA:0,(anonymous_23)
FNDA:0,(anonymous_26)
FNDA:0,(anonymous_29)
FNDA:0,(anonymous_30)
FNDA:0,(anonymous_33)
FNDA:0,(anonymous_34)
FNDA:0,(anonymous_37)
DA:6,0
DA:7,0
DA:8,0
DA:10,0
DA:11,0
DA:12,0
DA:19,0
DA:20,0
DA:22,0
DA:37,0
DA:44,0
DA:51,0
DA:61,0
DA:69,0
DA:75,0
DA:83,0
DA:95,0
DA:101,0
DA:111,0
LF:19
LH:0
BRDA:37,0,0,0
BRDA:44,1,0,0
BRDA:51,2,0,0
BRDA:58,3,0,0
BRDA:58,3,1,0
BRDA:61,4,0,0
BRDA:69,5,0,0
BRDA:81,6,0,0
BRDA:81,6,1,0
BRDA:83,7,0,0
BRDA:101,8,0,0
BRDA:111,9,0,0
BRF:12
BRH:0
end_of_record
TN:
SF:src/components/mock/index.ts
FN:1,(anonymous_0)
FN:2,(anonymous_1)
FNF:2
FNH:0
FNDA:0,(anonymous_0)
FNDA:0,(anonymous_1)
DA:1,0
DA:2,0
LF:2
LH:0
BRF:0
BRH:0
end_of_record
TN:
SF:src/components/providers/ProviderCard.tsx
FN:18,ProviderCard
FN:42,(anonymous_14)
FN:50,(anonymous_17)
FNF:3
FNH:0
FNDA:0,ProviderCard
FNDA:0,(anonymous_14)
FNDA:0,(anonymous_17)
DA:6,0
DA:7,0
DA:9,0
DA:10,0
DA:11,0
DA:18,0
DA:19,0
DA:42,0
DA:50,0
DA:51,0
DA:52,0
LF:11
LH:0
BRDA:23,0,0,0
BRDA:23,0,1,0
BRDA:31,1,0,0
BRDA:31,1,1,0
BRDA:39,2,0,0
BRDA:39,2,1,0
BRDA:42,3,0,0
BRDA:51,4,0,0
BRDA:53,5,0,0
BRDA:53,5,1,0
BRF:10
BRH:0
end_of_record
TN:
SF:src/components/providers/index.ts
FN:1,(anonymous_0)
FNF:1
FNH:0
FNDA:0,(anonymous_0)
DA:1,0
LF:1
LH:0
BRF:0
BRH:0
end_of_record
TN:
SF:src/components/strategies/StrategyCard.tsx
FN:18,StrategyCard
FN:63,(anonymous_14)
FN:73,(anonymous_17)
FN:80,(anonymous_20)
FN:90,(anonymous_23)
FN:97,(anonymous_26)
FNF:6
FNH:0
FNDA:0,StrategyCard
FNDA:0,(anonymous_14)
FNDA:0,(anonymous_17)
FNDA:0,(anonymous_20)
FNDA:0,(anonymous_23)
FNDA:0,(anonymous_26)
DA:6,0
DA:7,0
DA:9,0
DA:10,0
DA:11,0
DA:18,0
DA:19,0
DA:63,0
DA:73,0
DA:80,0
DA:90,0
DA:97,0
LF:12
LH:0
BRDA:41,0,0,0
BRDA:41,0,1,0
BRDA:51,1,0,0
BRDA:51,1,1,0
BRDA:60,2,0,0
BRDA:60,2,1,0
BRDA:60,2,2,0
BRDA:63,3,0,0
BRDA:68,4,0,0
BRDA:68,4,1,0
BRDA:73,5,0,0
BRDA:80,6,0,0
BRDA:86,7,0,0
BRDA:86,7,1,0
BRDA:90,8,0,0
BRDA:97,9,0,0
BRF:16
BRH:0
end_of_record
TN:
SF:src/components/strategies/index.ts
FN:1,(anonymous_0)
FNF:1
FNH:0
FNDA:0,(anonymous_0)
DA:1,0
LF:1
LH:0
BRF:0
BRH:0
end_of_record
TN:
SF:src/components/ui/Badge.tsx
FN:29,Badge
FN:34,StatusBadge
FNF:2
FNH:2
FNDA:6,Badge
FNDA:3,StatusBadge
DA:4,1
DA:5,1
DA:7,1
DA:29,6
DA:30,6
DA:34,3
DA:35,3
DA:47,3
DA:54,1
LF:9
LH:9
BRDA:48,0,0,3
BRDA:48,0,1,0
BRF:2
BRH:1
end_of_record
TN:
SF:src/components/ui/Button.tsx
FN:36,(anonymous_3)
FNF:1
FNH:1
FNDA:6,(anonymous_3)
DA:4,1
DA:5,1
DA:6,1
DA:8,1
DA:35,1
DA:36,6
DA:45,1
DA:47,1
LF:8
LH:8
BRF:0
BRH:0
end_of_record
TN:
SF:src/components/ui/Card.tsx
FN:10,Card
FN:18,CardHeader
FN:36,CardTitle
FNF:3
FNH:3
FNDA:5,Card
FNDA:1,CardHeader
FNDA:1,CardTitle
DA:4,1
DA:10,5
DA:11,5
DA:18,1
DA:19,1
DA:20,1
DA:21,1
DA:23,1
DA:36,1
DA:37,1
LF:10
LH:10
BRDA:12,0,0,5
BRDA:12,0,1,1
BRF:2
BRH:2
end_of_record
TN:
SF:src/components/ui/EmptyState.tsx
FN:11,EmptyState
FNF:1
FNH:1
FNDA:2,EmptyState
DA:11,2
DA:12,2
LF:2
LH:2
BRDA:11,0,0,1
BRDA:11,0,1,1
BRDA:16,1,0,2
BRDA:16,1,1,1
BRDA:19,2,0,2
BRDA:19,2,1,0
BRF:6
BRH:5
end_of_record
TN:
SF:src/components/ui/Input.tsx
FN:12,(anonymous_3)
FN:40,(anonymous_4)
FN:55,(anonymous_5)
FNF:3
FNH:3
FNDA:2,(anonymous_3)
FNDA:1,(anonymous_4)
FNDA:2,(anonymous_5)
DA:4,1
DA:5,1
DA:11,1
DA:12,2
DA:13,2
DA:14,2
DA:32,1
DA:39,1
DA:40,1
DA:41,1
DA:42,1
DA:55,2
DA:66,1
LF:13
LH:13
BRDA:13,0,0,2
BRDA:13,0,1,2
BRDA:13,1,0,1
BRDA:13,1,1,1
BRDA:13,2,0,2
BRDA:13,2,1,2
BRDA:16,3,0,2
BRDA:16,3,1,1
BRDA:41,4,0,1
BRDA:41,4,1,1
BRDA:41,5,0,0
BRDA:41,5,1,1
BRDA:41,6,0,1
BRDA:41,6,1,1
BRDA:44,7,0,1
BRDA:44,7,1,1
BRF:16
BRH:15
end_of_record
TN:
SF:src/components/ui/MetricCard.tsx
FN:15,MetricCard
FNF:1
FNH:1
FNDA:2,MetricCard
DA:4,1
DA:5,1
DA:15,2
DA:16,2
LF:4
LH:4
BRDA:25,0,0,2
BRDA:25,0,1,1
BRF:2
BRH:2
end_of_record
TN:
SF:src/components/ui/PageHeader.tsx
FN:10,PageHeader
FNF:1
FNH:1
FNDA:3,PageHeader
DA:10,3
DA:11,3
LF:2
LH:2
BRDA:15,0,0,3
BRDA:15,0,1,1
BRF:2
BRH:2
end_of_record
TN:
SF:src/components/ui/ProgressBar.tsx
FN:13,ProgressBar
FNF:1
FNH:1
FNDA:3,ProgressBar
DA:4,1
DA:13,3
DA:14,3
DA:15,3
LF:4
LH:4
BRDA:21,0,0,1
BRDA:21,0,1,2
BRDA:23,1,0,1
BRDA:23,1,1,1
BRDA:35,2,0,3
BRDA:35,2,1,1
BRF:6
BRH:6
end_of_record
TN:
SF:src/components/ui/Sidebar.tsx
FN:20,Sidebar
FN:36,(anonymous_2)
FNF:2
FNH:0
FNDA:0,Sidebar
FNDA:0,(anonymous_2)
DA:6,0
DA:7,0
DA:8,0
DA:10,0
DA:20,0
DA:21,0
DA:23,0
DA:38,0
DA:39,0
LF:9
LH:0
BRDA:38,0,0,0
BRDA:38,0,1,0
BRDA:45,1,0,0
BRDA:45,1,1,0
BRDA:49,2,0,0
BRDA:49,2,1,0
BRF:6
BRH:0
end_of_record
TN:
SF:src/components/ui/Table.tsx
FN:6,Table
FN:10,TableHeader
FN:14,TableBody
FN:18,TableRow
FN:27,TableHead
FN:39,TableCell
FN:43,EmptyRow
FN:53,LoadingRow
FNF:8
FNH:0
FNDA:0,Table
FNDA:0,TableHeader
FNDA:0,TableBody
FNDA:0,TableRow
FNDA:0,TableHead
FNDA:0,TableCell
FNDA:0,EmptyRow
FNDA:0,LoadingRow
DA:4,0
DA:6,0
DA:7,0
DA:10,0
DA:11,0
DA:14,0
DA:15,0
DA:18,0
DA:19,0
DA:27,0
DA:28,0
DA:39,0
DA:40,0
DA:43,0
DA:44,0
DA:53,0
DA:54,0
LF:17
LH:0
BRDA:43,0,0,0
BRDA:43,0,1,0
BRF:2
BRH:0
end_of_record
TN:
SF:src/components/ui/index.ts
FN:2,(anonymous_0)
FN:2,(anonymous_1)
FN:2,(anonymous_2)
FN:3,(anonymous_3)
FN:3,(anonymous_4)
FN:4,(anonymous_5)
FN:4,(anonymous_6)
FN:4,(anonymous_7)
FN:5,(anonymous_8)
FN:5,(anonymous_9)
FN:6,(anonymous_10)
FN:6,(anonymous_11)
FN:6,(anonymous_12)
FN:6,(anonymous_13)
FN:6,(anonymous_14)
FN:6,(anonymous_15)
FN:6,(anonymous_16)
FN:6,(anonymous_17)
FN:7,(anonymous_18)
FN:8,(anonymous_19)
FN:9,(anonymous_20)
FN:10,(anonymous_21)
FN:11,(anonymous_22)
FNF:23
FNH:0
FNDA:0,(anonymous_0)
FNDA:0,(anonymous_1)
FNDA:0,(anonymous_2)
FNDA:0,(anonymous_3)
FNDA:0,(anonymous_4)
FNDA:0,(anonymous_5)
FNDA:0,(anonymous_6)
FNDA:0,(anonymous_7)
FNDA:0,(anonymous_8)
FNDA:0,(anonymous_9)
FNDA:0,(anonymous_10)
FNDA:0,(anonymous_11)
FNDA:0,(anonymous_12)
FNDA:0,(anonymous_13)
FNDA:0,(anonymous_14)
FNDA:0,(anonymous_15)
FNDA:0,(anonymous_16)
FNDA:0,(anonymous_17)
FNDA:0,(anonymous_18)
FNDA:0,(anonymous_19)
FNDA:0,(anonymous_20)
FNDA:0,(anonymous_21)
FNDA:0,(anonymous_22)
DA:2,0
DA:3,0
DA:4,0
DA:5,0
DA:6,0
DA:7,0
DA:8,0
DA:9,0
DA:10,0
DA:11,0
LF:10
LH:0
BRF:0
BRH:0
end_of_record
TN:
SF:src/hooks/useData.ts
FN:19,(anonymous_1)
FN:21,useOrders
FN:22,(anonymous_3)
FN:27,usePositions
FN:30,(anonymous_5)
FN:35,useHoldings
FN:36,(anonymous_7)
FN:41,useMargins
FN:42,(anonymous_9)
FN:47,useStrategies
FN:50,(anonymous_11)
FN:55,useRiskStatus
FN:56,(anonymous_13)
FN:61,useRiskLimits
FN:62,(anonymous_15)
FN:65,useProviders
FN:66,(anonymous_17)
FN:69,useMockStatus
FN:72,(anonymous_19)
FNF:19
FNH:0
FNDA:0,(anonymous_1)
FNDA:0,useOrders
FNDA:0,(anonymous_3)
FNDA:0,usePositions
FNDA:0,(anonymous_5)
FNDA:0,useHoldings
FNDA:0,(anonymous_7)
FNDA:0,useMargins
FNDA:0,(anonymous_9)
FNDA:0,useStrategies
FNDA:0,(anonymous_11)
FNDA:0,useRiskStatus
FNDA:0,(anonymous_13)
FNDA:0,useRiskLimits
FNDA:0,(anonymous_15)
FNDA:0,useProviders
FNDA:0,(anonymous_17)
FNDA:0,useMockStatus
FNDA:0,(anonymous_19)
DA:5,0
DA:6,0
DA:19,0
DA:21,0
DA:22,0
DA:27,0
DA:28,0
DA:30,0
DA:35,0
DA:36,0
DA:41,0
DA:42,0
DA:47,0
DA:48,0
DA:50,0
DA:55,0
DA:56,0
DA:61,0
DA:62,0
DA:65,0
DA:66,0
DA:69,0
DA:70,0
DA:72,0
LF:24
LH:0
BRF:0
BRH:0
end_of_record
TN:
SF:src/hooks/useTickStream.ts
FN:21,useTickStream
FN:25,(anonymous_1)
FN:31,(anonymous_2)
FN:38,(anonymous_3)
FN:45,(anonymous_4)
FN:49,(anonymous_5)
FN:56,(anonymous_6)
FN:58,(anonymous_7)
FN:63,(anonymous_8)
FN:69,(anonymous_9)
FNF:10
FNH:8
FNDA:14,useTickStream
FNDA:11,(anonymous_1)
FNDA:8,(anonymous_2)
FNDA:1,(anonymous_3)
FNDA:10,(anonymous_4)
FNDA:0,(anonymous_5)
FNDA:11,(anonymous_6)
FNDA:11,(anonymous_7)
FNDA:1,(anonymous_8)
FNDA:0,(anonymous_9)
DA:5,1
DA:21,14
DA:22,14
DA:23,14
DA:25,14
DA:26,11
DA:28,10
DA:29,10
DA:31,10
DA:32,8
DA:33,8
DA:34,7
DA:38,10
DA:39,1
DA:40,1
DA:41,1
DA:45,10
DA:46,10
DA:49,10
DA:50,0
DA:53,10
DA:56,14
DA:57,11
DA:58,11
DA:59,11
DA:63,14
DA:64,1
DA:65,1
DA:69,14
DA:70,0
DA:71,0
DA:75,14
LF:32
LH:29
BRDA:21,0,0,13
BRDA:21,0,1,1
BRDA:26,1,0,1
BRDA:28,2,0,10
BRDA:28,2,1,0
BRDA:33,3,0,7
BRDA:40,4,0,1
BRDA:40,5,0,1
BRDA:40,5,1,1
BRDA:59,6,0,1
BRDA:59,6,1,10
BRDA:59,7,0,11
BRDA:59,7,1,10
BRDA:64,8,0,1
BRDA:64,9,0,0
BRDA:64,9,1,1
BRDA:64,10,0,1
BRDA:64,10,1,1
BRDA:70,11,0,0
BRDA:70,12,0,0
BRDA:70,12,1,0
BRDA:70,13,0,0
BRDA:70,13,1,0
BRF:23
BRH:16
end_of_record
TN:
SF:src/lib/api.ts
FN:7,(anonymous_21)
FN:8,ApiError
FN:17,request
FN:28,(anonymous_26)
FN:38,(anonymous_27)
FN:39,(anonymous_28)
FN:44,(anonymous_29)
FN:50,(anonymous_30)
FN:64,(anonymous_31)
FN:65,(anonymous_32)
FN:72,(anonymous_33)
FN:76,(anonymous_34)
FN:77,(anonymous_35)
FN:83,(anonymous_36)
FN:84,(anonymous_37)
FN:87,(anonymous_38)
FN:88,(anonymous_39)
FN:91,(anonymous_40)
FN:100,(anonymous_41)
FN:101,(anonymous_42)
FN:102,(anonymous_43)
FN:103,(anonymous_44)
FN:104,(anonymous_45)
FN:105,(anonymous_46)
FN:106,(anonymous_47)
FN:111,(anonymous_48)
FN:117,(anonymous_49)
FN:118,(anonymous_50)
FN:119,(anonymous_51)
FN:124,(anonymous_52)
FN:125,(anonymous_53)
FN:134,(anonymous_54)
FN:135,(anonymous_55)
FN:136,(anonymous_56)
FN:141,(anonymous_57)
FN:142,(anonymous_58)
FN:147,(anonymous_59)
FN:148,(anonymous_60)
FN:150,(anonymous_61)
FN:157,(anonymous_62)
FN:166,(anonymous_63)
FN:167,(anonymous_64)
FN:172,(anonymous_65)
FN:173,(anonymous_66)
FN:174,(anonymous_67)
FN:175,(anonymous_68)
FN:180,(anonymous_69)
FN:181,(anonymous_70)
FN:182,(anonymous_71)
FN:183,(anonymous_72)
FN:184,(anonymous_73)
FN:191,(anonymous_74)
FNF:52
FNH:28
FNDA:1,(anonymous_21)
FNDA:1,ApiError
FNDA:25,request
FNDA:0,(anonymous_26)
FNDA:1,(anonymous_27)
FNDA:1,(anonymous_28)
FNDA:1,(anonymous_29)
FNDA:1,(anonymous_30)
FNDA:1,(anonymous_31)
FNDA:1,(anonymous_32)
FNDA:1,(anonymous_33)
FNDA:1,(anonymous_34)
FNDA:1,(anonymous_35)
FNDA:1,(anonymous_36)
FNDA:1,(anonymous_37)
FNDA:0,(anonymous_38)
FNDA:0,(anonymous_39)
FNDA:1,(anonymous_40)
FNDA:1,(anonymous_41)
FNDA:0,(anonymous_42)
FNDA:1,(anonymous_43)
FNDA:1,(anonymous_44)
FNDA:0,(anonymous_45)
FNDA:0,(anonymous_46)
FNDA:1,(anonymous_47)
FNDA:0,(anonymous_48)
FNDA:1,(anonymous_49)
FNDA:0,(anonymous_50)
FNDA:1,(anonymous_51)
FNDA:0,(anonymous_52)
FNDA:0,(anonymous_53)
FNDA:0,(anonymous_54)
FNDA:0,(anonymous_55)
FNDA:0,(anonymous_56)
FNDA:1,(anonymous_57)
FNDA:0,(anonymous_58)
FNDA:0,(anonymous_59)
FNDA:1,(anonymous_60)
FNDA:0,(anonymous_61)
FNDA:1,(anonymous_62)
FNDA:0,(anonymous_63)
FNDA:0,(anonymous_64)
FNDA:0,(anonymous_65)
FNDA:0,(anonymous_66)
FNDA:0,(anonymous_67)
FNDA:1,(anonymous_68)
FNDA:1,(anonymous_69)
FNDA:0,(anonymous_70)
FNDA:1,(anonymous_71)
FNDA:0,(anonymous_72)
FNDA:0,(anonymous_73)
FNDA:2,(anonymous_74)
DA:5,1
DA:7,1
DA:9,1
DA:12,1
DA:13,1
DA:15,1
DA:18,25
DA:19,25
DA:27,49
DA:28,1
DA:29,1
DA:32,24
DA:37,1
DA:38,1
DA:40,1
DA:44,1
DA:49,1
DA:60,1
DA:64,1
DA:66,1
DA:71,1
DA:73,1
DA:76,1
DA:77,1
DA:82,1
DA:84,1
DA:85,1
DA:88,0
DA:89,0
DA:92,1
DA:99,1
DA:100,1
DA:101,0
DA:102,1
DA:103,1
DA:104,0
DA:105,0
DA:107,1
DA:111,0
DA:116,1
DA:117,1
DA:118,0
DA:120,1
DA:124,0
DA:126,0
DA:133,1
DA:134,0
DA:135,0
DA:137,0
DA:141,1
DA:143,0
DA:147,0
DA:149,1
DA:151,0
DA:156,1
DA:158,1
DA:166,0
DA:168,0
DA:172,0
DA:173,0
DA:174,0
DA:176,1
DA:180,1
DA:181,0
DA:182,1
DA:183,0
DA:185,0
DA:190,1
DA:191,2
LF:69
LH:46
BRDA:5,0,0,1
BRDA:5,0,1,0
BRDA:12,1,0,1
BRDA:12,1,1,0
BRDA:32,2,0,24
BRDA:23,3,0,13
BRDA:23,3,1,12
BRDA:23,4,0,25
BRDA:23,4,1,25
BRDA:27,5,0,24
BRF:10
BRH:8
end_of_record
TN:
SF:src/lib/utils.ts
FN:4,cn
FN:8,formatCurrency
FN:16,formatPnl
FN:21,formatNumber
FN:28,formatPercent
FNF:5
FNH:5
FNDA:30,cn
FNDA:7,formatCurrency
FNDA:3,formatPnl
FNDA:2,formatNumber
FNDA:3,formatPercent
DA:1,2
DA:2,2
DA:4,129
DA:5,30
DA:8,2
DA:9,7
DA:16,2
DA:17,3
DA:18,3
DA:21,3
DA:22,2
DA:28,2
DA:29,3
DA:30,3
LF:14
LH:14
BRDA:17,0,0,2
BRDA:17,0,1,1
BRDA:21,1,0,1
BRDA:29,2,0,2
BRDA:29,2,1,1
BRF:5
BRH:5
end_of_record
